2023-09-12 13:53:26,066 [Worker-4: Loading available Gradle versions] INFO  o.e.b.c.i.u.g.PublishedGradleVersions - Gradle version information cache is up-to-date. Trying to read.
2023-09-12 13:55:10,512 [Worker-3: Building] INFO  o.e.m.c.i.l.LifecycleMappingFactory - Using org.eclipse.m2e.jdt.JarLifecycleMapping lifecycle mapping for MavenProject: com.certificate:certificate:0.0.1-SNAPSHOT @ C:\Users\Haricharan.S\Desktop\casestudy_new\certificate\pom.xml.
2023-09-12 13:55:13,824 [Worker-3: Building] INFO  o.a.m.s.f.DefaultMavenResourcesFiltering - Copying 1 resource
2023-09-12 13:55:13,880 [Worker-3: Building] INFO  o.a.m.s.f.DefaultMavenResourcesFiltering - Copying 0 resource
2023-09-12 13:55:13,887 [Worker-3: Building] INFO  o.a.m.s.f.DefaultMavenResourcesFiltering - skip non existing resourceDirectory C:\Users\Haricharan.S\Desktop\casestudy_new\certificate\src\test\resources
2023-09-12 13:57:46,300 [Worker-8: Building] INFO  o.a.m.s.f.DefaultMavenResourcesFiltering - Copying 1 resource
2023-09-12 13:57:46,312 [Worker-8: Building] INFO  o.a.m.s.f.DefaultMavenResourcesFiltering - Copying 0 resource
2023-09-12 13:57:46,318 [Worker-8: Building] INFO  o.a.m.s.f.DefaultMavenResourcesFiltering - skip non existing resourceDirectory C:\Users\Haricharan.S\Desktop\casestudy_new\certificate\src\test\resources
2023-09-12 13:58:15,083 [Worker-7: Building] INFO  o.a.m.s.f.DefaultMavenResourcesFiltering - Copying 1 resource
2023-09-12 13:58:15,098 [Worker-7: Building] INFO  o.a.m.s.f.DefaultMavenResourcesFiltering - Copying 0 resource
2023-09-12 13:58:15,102 [Worker-7: Building] INFO  o.a.m.s.f.DefaultMavenResourcesFiltering - skip non existing resourceDirectory C:\Users\Haricharan.S\Desktop\casestudy_new\certificate\src\test\resources
2023-09-12 13:59:38,272 [Worker-10: Building] INFO  o.e.m.c.i.l.LifecycleMappingFactory - Using org.eclipse.m2e.jdt.JarLifecycleMapping lifecycle mapping for MavenProject: com.casestudy:employee:0.0.1-SNAPSHOT @ C:\Users\Haricharan.S\Desktop\casestudy_new\employee\pom.xml.
2023-09-12 13:59:40,570 [Worker-10: Building] INFO  o.a.m.s.f.DefaultMavenResourcesFiltering - Copying 1 resource
2023-09-12 13:59:40,608 [Worker-10: Building] INFO  o.a.m.s.f.DefaultMavenResourcesFiltering - Copying 0 resource
2023-09-12 13:59:40,615 [Worker-10: Building] INFO  o.a.m.s.f.DefaultMavenResourcesFiltering - skip non existing resourceDirectory C:\Users\Haricharan.S\Desktop\casestudy_new\employee\src\test\resources
2023-09-12 13:59:42,255 [Worker-12: Updating Maven Dependencies] INFO  o.e.m.c.i.l.LifecycleMappingFactory - Using org.eclipse.m2e.jdt.JarLifecycleMapping lifecycle mapping for MavenProject: com.casestudy:employee:0.0.1-SNAPSHOT @ C:\Users\Haricharan.S\Desktop\casestudy_new\employee\pom.xml.
2023-09-12 14:03:30,658 [Worker-5: Building] INFO  o.e.m.c.i.l.LifecycleMappingFactory - Using org.eclipse.m2e.jdt.JarLifecycleMapping lifecycle mapping for MavenProject: com.example:discovery-service:0.0.1-SNAPSHOT @ C:\Users\Haricharan.S\Desktop\casestudy_new\discovery-service\pom.xml.
2023-09-12 14:03:33,944 [Worker-5: Building] INFO  o.a.m.s.f.DefaultMavenResourcesFiltering - Copying 1 resource
2023-09-12 14:03:34,068 [Worker-5: Building] INFO  o.a.m.s.f.DefaultMavenResourcesFiltering - Copying 0 resource
2023-09-12 14:03:34,075 [Worker-5: Building] INFO  o.a.m.s.f.DefaultMavenResourcesFiltering - skip non existing resourceDirectory C:\Users\Haricharan.S\Desktop\casestudy_new\discovery-service\src\test\resources
2023-09-12 14:03:36,980 [Worker-0: Updating Maven Dependencies] INFO  o.e.m.c.i.l.LifecycleMappingFactory - Using org.eclipse.m2e.jdt.JarLifecycleMapping lifecycle mapping for MavenProject: com.example:discovery-service:0.0.1-SNAPSHOT @ C:\Users\Haricharan.S\Desktop\casestudy_new\discovery-service\pom.xml.
2023-09-12 14:24:10,702 [Worker-16: Importing Maven projects] INFO  o.e.m.c.i.l.LifecycleMappingFactory - Using org.eclipse.m2e.jdt.JarLifecycleMapping lifecycle mapping for MavenProject: com.manager:manager:0.0.1-SNAPSHOT @ C:\Users\Haricharan.S\Desktop\casestudy_new\admin\pom.xml.
2023-09-12 14:24:13,110 [Worker-16: Importing Maven projects] INFO  o.e.m.j.i.AbstractJavaProjectConfigurator - Adding source folder /admin/src/main/java
2023-09-12 14:24:13,111 [Worker-16: Importing Maven projects] INFO  o.e.m.j.i.AbstractJavaProjectConfigurator - Adding resource folder /admin/src/main/resources
2023-09-12 14:24:13,112 [Worker-16: Importing Maven projects] INFO  o.e.m.j.i.AbstractJavaProjectConfigurator - Adding resource folder /admin/src/main/resources
2023-09-12 14:24:13,114 [Worker-16: Importing Maven projects] INFO  o.e.m.j.i.AbstractJavaProjectConfigurator - Adding source folder /admin/src/test/java
2023-09-12 14:24:14,465 [Worker-16: Importing Maven projects] INFO  o.e.m.c.i.p.ProjectConfigurationManager - Imported and configured 1 project(s) in 4 sec
2023-09-12 14:24:16,221 [Worker-22: Building] INFO  o.a.m.s.f.DefaultMavenResourcesFiltering - Copying 1 resource
2023-09-12 14:24:16,314 [Worker-22: Building] INFO  o.a.m.s.f.DefaultMavenResourcesFiltering - Copying 0 resource
2023-09-12 14:24:16,324 [Worker-22: Building] INFO  o.a.m.s.f.DefaultMavenResourcesFiltering - skip non existing resourceDirectory C:\Users\Haricharan.S\Desktop\casestudy_new\admin\src\test\resources
2023-09-12 16:10:39,847 [Worker-33: Building] INFO  o.a.m.s.f.DefaultMavenResourcesFiltering - Copying 1 resource
2023-09-12 16:10:39,875 [Worker-33: Building] INFO  o.a.m.s.f.DefaultMavenResourcesFiltering - Copying 0 resource
2023-09-12 16:10:39,880 [Worker-33: Building] INFO  o.a.m.s.f.DefaultMavenResourcesFiltering - skip non existing resourceDirectory C:\Users\Haricharan.S\Desktop\casestudy_new\discovery-service\src\test\resources
2023-09-12 16:10:50,388 [Worker-33: Building] INFO  o.a.m.s.f.DefaultMavenResourcesFiltering - Copying 1 resource
2023-09-12 16:10:50,471 [Worker-33: Building] INFO  o.a.m.s.f.DefaultMavenResourcesFiltering - Copying 0 resource
2023-09-12 16:10:50,476 [Worker-33: Building] INFO  o.a.m.s.f.DefaultMavenResourcesFiltering - skip non existing resourceDirectory C:\Users\Haricharan.S\Desktop\casestudy_new\discovery-service\src\test\resources
2023-09-12 16:17:15,418 [Worker-32: Building] INFO  o.a.m.s.f.DefaultMavenResourcesFiltering - Copying 1 resource
2023-09-12 16:17:15,478 [Worker-32: Building] INFO  o.a.m.s.f.DefaultMavenResourcesFiltering - Copying 0 resource
2023-09-12 16:17:15,487 [Worker-32: Building] INFO  o.a.m.s.f.DefaultMavenResourcesFiltering - skip non existing resourceDirectory C:\Users\Haricharan.S\Desktop\casestudy_new\employee\src\test\resources
2023-09-12 16:19:37,092 [Worker-34: Building] INFO  o.a.m.s.f.DefaultMavenResourcesFiltering - Copying 1 resource
2023-09-12 16:19:37,101 [Worker-34: Building] INFO  o.a.m.s.f.DefaultMavenResourcesFiltering - Copying 0 resource
2023-09-12 16:19:37,103 [Worker-34: Building] INFO  o.a.m.s.f.DefaultMavenResourcesFiltering - skip non existing resourceDirectory C:\Users\Haricharan.S\Desktop\casestudy_new\employee\src\test\resources
2023-09-12 16:23:02,668 [Worker-27: Building] INFO  o.a.m.s.f.DefaultMavenResourcesFiltering - Copying 1 resource
2023-09-12 16:23:02,779 [Worker-27: Building] INFO  o.a.m.s.f.DefaultMavenResourcesFiltering - Copying 0 resource
2023-09-12 16:23:02,784 [Worker-27: Building] INFO  o.a.m.s.f.DefaultMavenResourcesFiltering - skip non existing resourceDirectory C:\Users\Haricharan.S\Desktop\casestudy_new\employee\src\test\resources
2023-09-12 16:23:18,001 [Worker-27: Building] INFO  o.a.m.s.f.DefaultMavenResourcesFiltering - Copying 1 resource
2023-09-12 16:23:18,017 [Worker-27: Building] INFO  o.a.m.s.f.DefaultMavenResourcesFiltering - Copying 0 resource
2023-09-12 16:23:18,021 [Worker-27: Building] INFO  o.a.m.s.f.DefaultMavenResourcesFiltering - skip non existing resourceDirectory C:\Users\Haricharan.S\Desktop\casestudy_new\employee\src\test\resources
2023-09-12 16:23:54,476 [Worker-27: Building] INFO  o.a.m.s.f.DefaultMavenResourcesFiltering - Copying 1 resource
2023-09-12 16:23:54,492 [Worker-27: Building] INFO  o.a.m.s.f.DefaultMavenResourcesFiltering - Copying 0 resource
2023-09-12 16:23:54,496 [Worker-27: Building] INFO  o.a.m.s.f.DefaultMavenResourcesFiltering - skip non existing resourceDirectory C:\Users\Haricharan.S\Desktop\casestudy_new\employee\src\test\resources
2023-09-12 16:24:14,468 [Worker-40: Building] INFO  o.a.m.s.f.DefaultMavenResourcesFiltering - Copying 1 resource
2023-09-12 16:24:14,477 [Worker-40: Building] INFO  o.a.m.s.f.DefaultMavenResourcesFiltering - Copying 0 resource
2023-09-12 16:24:14,480 [Worker-40: Building] INFO  o.a.m.s.f.DefaultMavenResourcesFiltering - skip non existing resourceDirectory C:\Users\Haricharan.S\Desktop\casestudy_new\employee\src\test\resources
2023-09-12 16:24:55,250 [Worker-40: Building] INFO  o.a.m.s.f.DefaultMavenResourcesFiltering - Copying 1 resource
2023-09-12 16:24:55,318 [Worker-40: Building] INFO  o.a.m.s.f.DefaultMavenResourcesFiltering - Copying 0 resource
2023-09-12 16:24:55,323 [Worker-40: Building] INFO  o.a.m.s.f.DefaultMavenResourcesFiltering - skip non existing resourceDirectory C:\Users\Haricharan.S\Desktop\casestudy_new\admin\src\test\resources
2023-09-12 16:25:14,744 [Worker-27: Building] INFO  o.a.m.s.f.DefaultMavenResourcesFiltering - Copying 1 resource
2023-09-12 16:25:14,758 [Worker-27: Building] INFO  o.a.m.s.f.DefaultMavenResourcesFiltering - Copying 0 resource
2023-09-12 16:25:14,762 [Worker-27: Building] INFO  o.a.m.s.f.DefaultMavenResourcesFiltering - skip non existing resourceDirectory C:\Users\Haricharan.S\Desktop\casestudy_new\admin\src\test\resources
2023-09-12 16:25:30,901 [Worker-41: Building] INFO  o.a.m.s.f.DefaultMavenResourcesFiltering - Copying 1 resource
2023-09-12 16:25:30,911 [Worker-41: Building] INFO  o.a.m.s.f.DefaultMavenResourcesFiltering - Copying 0 resource
2023-09-12 16:25:30,916 [Worker-41: Building] INFO  o.a.m.s.f.DefaultMavenResourcesFiltering - skip non existing resourceDirectory C:\Users\Haricharan.S\Desktop\casestudy_new\admin\src\test\resources
2023-09-12 16:26:03,021 [Worker-27: Building] INFO  o.a.m.s.f.DefaultMavenResourcesFiltering - Copying 1 resource
2023-09-12 16:26:03,035 [Worker-27: Building] INFO  o.a.m.s.f.DefaultMavenResourcesFiltering - Copying 0 resource
2023-09-12 16:26:03,040 [Worker-27: Building] INFO  o.a.m.s.f.DefaultMavenResourcesFiltering - skip non existing resourceDirectory C:\Users\Haricharan.S\Desktop\casestudy_new\admin\src\test\resources
2023-09-12 16:26:43,850 [Worker-27: Building] INFO  o.a.m.s.f.DefaultMavenResourcesFiltering - Copying 1 resource
2023-09-12 16:26:43,859 [Worker-27: Building] INFO  o.a.m.s.f.DefaultMavenResourcesFiltering - Copying 0 resource
2023-09-12 16:26:43,863 [Worker-27: Building] INFO  o.a.m.s.f.DefaultMavenResourcesFiltering - skip non existing resourceDirectory C:\Users\Haricharan.S\Desktop\casestudy_new\employee\src\test\resources
2023-09-12 16:28:33,583 [Worker-40: Building] INFO  o.a.m.s.f.DefaultMavenResourcesFiltering - Copying 1 resource
2023-09-12 16:28:33,592 [Worker-40: Building] INFO  o.a.m.s.f.DefaultMavenResourcesFiltering - Copying 0 resource
2023-09-12 16:28:33,595 [Worker-40: Building] INFO  o.a.m.s.f.DefaultMavenResourcesFiltering - skip non existing resourceDirectory C:\Users\Haricharan.S\Desktop\casestudy_new\employee\src\test\resources
2023-09-12 16:28:58,084 [Worker-40: Building] INFO  o.a.m.s.f.DefaultMavenResourcesFiltering - Copying 1 resource
2023-09-12 16:28:58,091 [Worker-40: Building] INFO  o.a.m.s.f.DefaultMavenResourcesFiltering - Copying 0 resource
2023-09-12 16:28:58,096 [Worker-40: Building] INFO  o.a.m.s.f.DefaultMavenResourcesFiltering - skip non existing resourceDirectory C:\Users\Haricharan.S\Desktop\casestudy_new\employee\src\test\resources
2023-09-12 16:36:13,858 [Worker-27: Building] INFO  o.e.m.c.i.l.LifecycleMappingFactory - Using org.eclipse.m2e.jdt.JarLifecycleMapping lifecycle mapping for MavenProject: com.certificate:certificate:0.0.1-SNAPSHOT @ C:\Users\Haricharan.S\Desktop\casestudy_new\certificate\pom.xml.
2023-09-12 16:36:16,221 [Worker-27: Building] INFO  o.a.m.s.f.DefaultMavenResourcesFiltering - Copying 0 resource
2023-09-12 16:36:16,221 [Worker-27: Building] INFO  o.a.m.s.f.DefaultMavenResourcesFiltering - Copying 0 resource
2023-09-12 16:36:16,225 [Worker-27: Building] INFO  o.a.m.s.f.DefaultMavenResourcesFiltering - skip non existing resourceDirectory C:\Users\Haricharan.S\Desktop\casestudy_new\certificate\src\test\resources
2023-09-12 16:36:18,431 [Worker-27: Building] INFO  o.a.m.s.f.DefaultMavenResourcesFiltering - Copying 1 resource
2023-09-12 16:36:18,468 [Worker-27: Building] INFO  o.a.m.s.f.DefaultMavenResourcesFiltering - Copying 0 resource
2023-09-12 16:36:18,471 [Worker-27: Building] INFO  o.a.m.s.f.DefaultMavenResourcesFiltering - skip non existing resourceDirectory C:\Users\Haricharan.S\Desktop\casestudy_new\certificate\src\test\resources
2023-09-12 16:38:46,732 [Worker-40: Building] INFO  o.a.m.s.f.DefaultMavenResourcesFiltering - Copying 1 resource
2023-09-12 16:38:46,745 [Worker-40: Building] INFO  o.a.m.s.f.DefaultMavenResourcesFiltering - Copying 0 resource
2023-09-12 16:38:46,749 [Worker-40: Building] INFO  o.a.m.s.f.DefaultMavenResourcesFiltering - skip non existing resourceDirectory C:\Users\Haricharan.S\Desktop\casestudy_new\certificate\src\test\resources
2023-09-12 16:38:50,364 [Worker-46: Building] INFO  o.a.m.s.f.DefaultMavenResourcesFiltering - Copying 1 resource
2023-09-12 16:38:50,377 [Worker-46: Building] INFO  o.a.m.s.f.DefaultMavenResourcesFiltering - Copying 0 resource
2023-09-12 16:38:50,381 [Worker-46: Building] INFO  o.a.m.s.f.DefaultMavenResourcesFiltering - skip non existing resourceDirectory C:\Users\Haricharan.S\Desktop\casestudy_new\certificate\src\test\resources
2023-09-12 16:41:25,609 [Worker-27: Building] INFO  o.a.m.s.f.DefaultMavenResourcesFiltering - Copying 1 resource
2023-09-12 16:41:25,637 [Worker-27: Building] INFO  o.a.m.s.f.DefaultMavenResourcesFiltering - Copying 0 resource
2023-09-12 16:41:25,640 [Worker-27: Building] INFO  o.a.m.s.f.DefaultMavenResourcesFiltering - skip non existing resourceDirectory C:\Users\Haricharan.S\Desktop\casestudy_new\certificate\src\test\resources
2023-09-12 16:42:04,684 [Worker-46: Building] INFO  o.a.m.s.f.DefaultMavenResourcesFiltering - Copying 1 resource
2023-09-12 16:42:04,696 [Worker-46: Building] INFO  o.a.m.s.f.DefaultMavenResourcesFiltering - Copying 0 resource
2023-09-12 16:42:04,700 [Worker-46: Building] INFO  o.a.m.s.f.DefaultMavenResourcesFiltering - skip non existing resourceDirectory C:\Users\Haricharan.S\Desktop\casestudy_new\certificate\src\test\resources
2023-09-12 16:42:33,242 [Worker-40: Building] INFO  o.a.m.s.f.DefaultMavenResourcesFiltering - Copying 1 resource
2023-09-12 16:42:33,250 [Worker-40: Building] INFO  o.a.m.s.f.DefaultMavenResourcesFiltering - Copying 0 resource
2023-09-12 16:42:33,253 [Worker-40: Building] INFO  o.a.m.s.f.DefaultMavenResourcesFiltering - skip non existing resourceDirectory C:\Users\Haricharan.S\Desktop\casestudy_new\certificate\src\test\resources
2023-09-12 16:55:49,898 [Worker-1: Loading available Gradle versions] INFO  o.e.b.c.i.u.g.PublishedGradleVersions - Gradle version information cache is up-to-date. Trying to read.
2023-09-12 17:02:40,147 [Worker-0: Loading available Gradle versions] INFO  o.e.b.c.i.u.g.PublishedGradleVersions - Gradle version information cache is up-to-date. Trying to read.
2023-09-12 17:02:54,358 [Worker-12: Launching discovery-service - DiscoveryServiceApplication] INFO  o.a.m.s.f.DefaultMavenResourcesFiltering - Copying 1 resource
2023-09-12 17:02:54,422 [Worker-12: Launching discovery-service - DiscoveryServiceApplication] INFO  o.a.m.s.f.DefaultMavenResourcesFiltering - Copying 0 resource
2023-09-12 17:02:54,430 [Worker-12: Launching discovery-service - DiscoveryServiceApplication] INFO  o.a.m.s.f.DefaultMavenResourcesFiltering - skip non existing resourceDirectory C:\Users\Haricharan.S\Desktop\casestudy_new\discovery-service\src\test\resources
2023-09-12 17:03:00,753 [Worker-1: Building] INFO  o.a.m.s.f.DefaultMavenResourcesFiltering - Copying 1 resource
2023-09-12 17:03:00,810 [Worker-1: Building] INFO  o.a.m.s.f.DefaultMavenResourcesFiltering - Copying 0 resource
2023-09-12 17:03:00,817 [Worker-1: Building] INFO  o.a.m.s.f.DefaultMavenResourcesFiltering - skip non existing resourceDirectory C:\Users\Haricharan.S\Desktop\casestudy_new\admin\src\test\resources
2023-09-12 17:03:02,344 [Worker-1: Building] INFO  o.a.m.s.f.DefaultMavenResourcesFiltering - Copying 1 resource
2023-09-12 17:03:02,411 [Worker-1: Building] INFO  o.a.m.s.f.DefaultMavenResourcesFiltering - Copying 0 resource
2023-09-12 17:03:02,416 [Worker-1: Building] INFO  o.a.m.s.f.DefaultMavenResourcesFiltering - skip non existing resourceDirectory C:\Users\Haricharan.S\Desktop\casestudy_new\certificate\src\test\resources
2023-09-12 17:03:05,341 [Worker-1: Building] INFO  o.a.m.s.f.DefaultMavenResourcesFiltering - Copying 1 resource
2023-09-12 17:03:05,445 [Worker-1: Building] INFO  o.a.m.s.f.DefaultMavenResourcesFiltering - Copying 0 resource
2023-09-12 17:03:05,451 [Worker-1: Building] INFO  o.a.m.s.f.DefaultMavenResourcesFiltering - skip non existing resourceDirectory C:\Users\Haricharan.S\Desktop\casestudy_new\employee\src\test\resources
2023-09-12 17:40:20,798 [Worker-21: Building] INFO  o.a.m.s.f.DefaultMavenResourcesFiltering - Copying 1 resource
2023-09-12 17:40:20,807 [Worker-21: Building] INFO  o.a.m.s.f.DefaultMavenResourcesFiltering - Copying 0 resource
2023-09-12 17:40:20,811 [Worker-21: Building] INFO  o.a.m.s.f.DefaultMavenResourcesFiltering - skip non existing resourceDirectory C:\Users\Haricharan.S\Desktop\casestudy_new\employee\src\test\resources
2023-09-12 20:10:20,812 [Worker-87: Building] INFO  o.a.m.s.f.DefaultMavenResourcesFiltering - Copying 1 resource
2023-09-12 20:10:20,834 [Worker-87: Building] INFO  o.a.m.s.f.DefaultMavenResourcesFiltering - Copying 0 resource
2023-09-12 20:10:20,840 [Worker-87: Building] INFO  o.a.m.s.f.DefaultMavenResourcesFiltering - skip non existing resourceDirectory C:\Users\Haricharan.S\Desktop\casestudy_new\certificate\src\test\resources
2023-09-12 20:12:11,804 [Worker-86: Building] INFO  o.a.m.s.f.DefaultMavenResourcesFiltering - Copying 1 resource
2023-09-12 20:12:11,814 [Worker-86: Building] INFO  o.a.m.s.f.DefaultMavenResourcesFiltering - Copying 0 resource
2023-09-12 20:12:11,817 [Worker-86: Building] INFO  o.a.m.s.f.DefaultMavenResourcesFiltering - skip non existing resourceDirectory C:\Users\Haricharan.S\Desktop\casestudy_new\certificate\src\test\resources
2023-09-12 20:12:28,127 [Worker-86: Building] INFO  o.a.m.s.f.DefaultMavenResourcesFiltering - Copying 1 resource
2023-09-12 20:12:28,151 [Worker-86: Building] INFO  o.a.m.s.f.DefaultMavenResourcesFiltering - Copying 0 resource
2023-09-12 20:12:28,155 [Worker-86: Building] INFO  o.a.m.s.f.DefaultMavenResourcesFiltering - skip non existing resourceDirectory C:\Users\Haricharan.S\Desktop\casestudy_new\certificate\src\test\resources
2023-09-12 20:12:35,287 [Worker-90: Building] INFO  o.a.m.s.f.DefaultMavenResourcesFiltering - Copying 1 resource
2023-09-12 20:12:35,306 [Worker-90: Building] INFO  o.a.m.s.f.DefaultMavenResourcesFiltering - Copying 0 resource
2023-09-12 20:12:35,312 [Worker-90: Building] INFO  o.a.m.s.f.DefaultMavenResourcesFiltering - skip non existing resourceDirectory C:\Users\Haricharan.S\Desktop\casestudy_new\certificate\src\test\resources
2023-09-12 20:19:31,440 [Worker-89: Building] INFO  o.a.m.s.f.DefaultMavenResourcesFiltering - Copying 1 resource
2023-09-12 20:19:31,452 [Worker-89: Building] INFO  o.a.m.s.f.DefaultMavenResourcesFiltering - Copying 0 resource
2023-09-12 20:19:31,456 [Worker-89: Building] INFO  o.a.m.s.f.DefaultMavenResourcesFiltering - skip non existing resourceDirectory C:\Users\Haricharan.S\Desktop\casestudy_new\certificate\src\test\resources
2023-09-12 20:23:23,017 [Worker-94: Building] INFO  o.a.m.s.f.DefaultMavenResourcesFiltering - Copying 1 resource
2023-09-12 20:23:23,027 [Worker-94: Building] INFO  o.a.m.s.f.DefaultMavenResourcesFiltering - Copying 0 resource
2023-09-12 20:23:23,032 [Worker-94: Building] INFO  o.a.m.s.f.DefaultMavenResourcesFiltering - skip non existing resourceDirectory C:\Users\Haricharan.S\Desktop\casestudy_new\certificate\src\test\resources
2023-09-12 20:25:01,570 [Worker-96: Building] INFO  o.a.m.s.f.DefaultMavenResourcesFiltering - Copying 1 resource
2023-09-12 20:25:01,586 [Worker-96: Building] INFO  o.a.m.s.f.DefaultMavenResourcesFiltering - Copying 0 resource
2023-09-12 20:25:01,590 [Worker-96: Building] INFO  o.a.m.s.f.DefaultMavenResourcesFiltering - skip non existing resourceDirectory C:\Users\Haricharan.S\Desktop\casestudy_new\certificate\src\test\resources
2023-09-12 20:27:02,724 [Worker-89: Building] INFO  o.a.m.s.f.DefaultMavenResourcesFiltering - Copying 1 resource
2023-09-12 20:27:02,763 [Worker-89: Building] INFO  o.a.m.s.f.DefaultMavenResourcesFiltering - Copying 0 resource
2023-09-12 20:27:02,768 [Worker-89: Building] INFO  o.a.m.s.f.DefaultMavenResourcesFiltering - skip non existing resourceDirectory C:\Users\Haricharan.S\Desktop\casestudy_new\certificate\src\test\resources
2023-09-12 20:27:25,605 [Worker-91: Building] INFO  o.a.m.s.f.DefaultMavenResourcesFiltering - Copying 1 resource
2023-09-12 20:27:25,622 [Worker-91: Building] INFO  o.a.m.s.f.DefaultMavenResourcesFiltering - Copying 0 resource
2023-09-12 20:27:25,628 [Worker-91: Building] INFO  o.a.m.s.f.DefaultMavenResourcesFiltering - skip non existing resourceDirectory C:\Users\Haricharan.S\Desktop\casestudy_new\certificate\src\test\resources
2023-09-12 20:32:11,683 [Worker-98: Building] INFO  o.a.m.s.f.DefaultMavenResourcesFiltering - Copying 1 resource
2023-09-12 20:32:11,694 [Worker-98: Building] INFO  o.a.m.s.f.DefaultMavenResourcesFiltering - Copying 0 resource
2023-09-12 20:32:11,698 [Worker-98: Building] INFO  o.a.m.s.f.DefaultMavenResourcesFiltering - skip non existing resourceDirectory C:\Users\Haricharan.S\Desktop\casestudy_new\certificate\src\test\resources
2023-09-12 20:33:28,306 [Worker-97: Building] INFO  o.a.m.s.f.DefaultMavenResourcesFiltering - Copying 1 resource
2023-09-12 20:33:28,318 [Worker-97: Building] INFO  o.a.m.s.f.DefaultMavenResourcesFiltering - Copying 0 resource
2023-09-12 20:33:28,323 [Worker-97: Building] INFO  o.a.m.s.f.DefaultMavenResourcesFiltering - skip non existing resourceDirectory C:\Users\Haricharan.S\Desktop\casestudy_new\certificate\src\test\resources
2023-09-12 20:33:37,982 [Worker-89: Building] INFO  o.a.m.s.f.DefaultMavenResourcesFiltering - Copying 1 resource
2023-09-12 20:33:37,991 [Worker-89: Building] INFO  o.a.m.s.f.DefaultMavenResourcesFiltering - Copying 0 resource
2023-09-12 20:33:37,995 [Worker-89: Building] INFO  o.a.m.s.f.DefaultMavenResourcesFiltering - skip non existing resourceDirectory C:\Users\Haricharan.S\Desktop\casestudy_new\certificate\src\test\resources
2023-09-12 20:35:31,956 [Worker-97: Building] INFO  o.a.m.s.f.DefaultMavenResourcesFiltering - Copying 1 resource
2023-09-12 20:35:32,009 [Worker-97: Building] INFO  o.a.m.s.f.DefaultMavenResourcesFiltering - Copying 0 resource
2023-09-12 20:35:32,014 [Worker-97: Building] INFO  o.a.m.s.f.DefaultMavenResourcesFiltering - skip non existing resourceDirectory C:\Users\Haricharan.S\Desktop\casestudy_new\certificate\src\test\resources
2023-09-12 20:35:35,683 [Worker-98: Building] INFO  o.a.m.s.f.DefaultMavenResourcesFiltering - Copying 1 resource
2023-09-12 20:35:35,688 [Worker-98: Building] INFO  o.a.m.s.f.DefaultMavenResourcesFiltering - Copying 0 resource
2023-09-12 20:35:35,693 [Worker-98: Building] INFO  o.a.m.s.f.DefaultMavenResourcesFiltering - skip non existing resourceDirectory C:\Users\Haricharan.S\Desktop\casestudy_new\certificate\src\test\resources
2023-09-12 20:36:14,148 [Worker-101: Building] INFO  o.a.m.s.f.DefaultMavenResourcesFiltering - Copying 1 resource
2023-09-12 20:36:14,156 [Worker-101: Building] INFO  o.a.m.s.f.DefaultMavenResourcesFiltering - Copying 0 resource
2023-09-12 20:36:14,160 [Worker-101: Building] INFO  o.a.m.s.f.DefaultMavenResourcesFiltering - skip non existing resourceDirectory C:\Users\Haricharan.S\Desktop\casestudy_new\certificate\src\test\resources
2023-09-12 20:37:13,927 [Worker-97: Building] INFO  o.a.m.s.f.DefaultMavenResourcesFiltering - Copying 1 resource
2023-09-12 20:37:13,934 [Worker-97: Building] INFO  o.a.m.s.f.DefaultMavenResourcesFiltering - Copying 0 resource
2023-09-12 20:37:13,937 [Worker-97: Building] INFO  o.a.m.s.f.DefaultMavenResourcesFiltering - skip non existing resourceDirectory C:\Users\Haricharan.S\Desktop\casestudy_new\certificate\src\test\resources
2023-09-12 20:38:16,581 [Worker-100: Building] INFO  o.a.m.s.f.DefaultMavenResourcesFiltering - Copying 1 resource
2023-09-12 20:38:16,588 [Worker-100: Building] INFO  o.a.m.s.f.DefaultMavenResourcesFiltering - Copying 0 resource
2023-09-12 20:38:16,592 [Worker-100: Building] INFO  o.a.m.s.f.DefaultMavenResourcesFiltering - skip non existing resourceDirectory C:\Users\Haricharan.S\Desktop\casestudy_new\certificate\src\test\resources
2023-09-12 20:46:19,118 [Worker-102: Building] INFO  o.a.m.s.f.DefaultMavenResourcesFiltering - Copying 1 resource
2023-09-12 20:46:19,139 [Worker-102: Building] INFO  o.a.m.s.f.DefaultMavenResourcesFiltering - Copying 0 resource
2023-09-12 20:46:19,142 [Worker-102: Building] INFO  o.a.m.s.f.DefaultMavenResourcesFiltering - skip non existing resourceDirectory C:\Users\Haricharan.S\Desktop\casestudy_new\certificate\src\test\resources
2023-09-12 20:46:49,492 [Worker-102: Building] INFO  o.a.m.s.f.DefaultMavenResourcesFiltering - Copying 1 resource
2023-09-12 20:46:49,505 [Worker-102: Building] INFO  o.a.m.s.f.DefaultMavenResourcesFiltering - Copying 0 resource
2023-09-12 20:46:49,509 [Worker-102: Building] INFO  o.a.m.s.f.DefaultMavenResourcesFiltering - skip non existing resourceDirectory C:\Users\Haricharan.S\Desktop\casestudy_new\certificate\src\test\resources
2023-09-13 09:42:26,134 [Worker-111: Building] INFO  o.a.m.s.f.DefaultMavenResourcesFiltering - Copying 1 resource
2023-09-13 09:42:26,227 [Worker-111: Building] INFO  o.a.m.s.f.DefaultMavenResourcesFiltering - Copying 0 resource
2023-09-13 09:42:26,233 [Worker-111: Building] INFO  o.a.m.s.f.DefaultMavenResourcesFiltering - skip non existing resourceDirectory C:\Users\Haricharan.S\Desktop\casestudy_new\certificate\src\test\resources
2023-09-13 09:42:49,434 [Worker-111: Building] INFO  o.a.m.s.f.DefaultMavenResourcesFiltering - Copying 1 resource
2023-09-13 09:42:49,503 [Worker-111: Building] INFO  o.a.m.s.f.DefaultMavenResourcesFiltering - Copying 0 resource
2023-09-13 09:42:49,511 [Worker-111: Building] INFO  o.a.m.s.f.DefaultMavenResourcesFiltering - skip non existing resourceDirectory C:\Users\Haricharan.S\Desktop\casestudy_new\certificate\src\test\resources
2023-09-13 09:47:48,521 [Worker-113: Building] INFO  o.a.m.s.f.DefaultMavenResourcesFiltering - Copying 1 resource
2023-09-13 09:47:48,570 [Worker-113: Building] INFO  o.a.m.s.f.DefaultMavenResourcesFiltering - Copying 0 resource
2023-09-13 09:47:48,574 [Worker-113: Building] INFO  o.a.m.s.f.DefaultMavenResourcesFiltering - skip non existing resourceDirectory C:\Users\Haricharan.S\Desktop\casestudy_new\certificate\src\test\resources
2023-09-13 09:49:34,722 [Worker-113: Building] INFO  o.a.m.s.f.DefaultMavenResourcesFiltering - Copying 1 resource
2023-09-13 09:49:34,771 [Worker-113: Building] INFO  o.a.m.s.f.DefaultMavenResourcesFiltering - Copying 0 resource
2023-09-13 09:49:34,774 [Worker-113: Building] INFO  o.a.m.s.f.DefaultMavenResourcesFiltering - skip non existing resourceDirectory C:\Users\Haricharan.S\Desktop\casestudy_new\certificate\src\test\resources
2023-09-13 09:54:38,771 [Worker-113: Building] INFO  o.a.m.s.f.DefaultMavenResourcesFiltering - Copying 1 resource
2023-09-13 09:54:38,796 [Worker-113: Building] INFO  o.a.m.s.f.DefaultMavenResourcesFiltering - Copying 0 resource
2023-09-13 09:54:38,800 [Worker-113: Building] INFO  o.a.m.s.f.DefaultMavenResourcesFiltering - skip non existing resourceDirectory C:\Users\Haricharan.S\Desktop\casestudy_new\certificate\src\test\resources
2023-09-13 09:57:09,845 [Worker-113: Building] INFO  o.a.m.s.f.DefaultMavenResourcesFiltering - Copying 1 resource
2023-09-13 09:57:09,860 [Worker-113: Building] INFO  o.a.m.s.f.DefaultMavenResourcesFiltering - Copying 0 resource
2023-09-13 09:57:09,869 [Worker-113: Building] INFO  o.a.m.s.f.DefaultMavenResourcesFiltering - skip non existing resourceDirectory C:\Users\Haricharan.S\Desktop\casestudy_new\certificate\src\test\resources
2023-09-13 09:57:44,347 [Worker-112: Building] INFO  o.a.m.s.f.DefaultMavenResourcesFiltering - Copying 1 resource
2023-09-13 09:57:44,358 [Worker-112: Building] INFO  o.a.m.s.f.DefaultMavenResourcesFiltering - Copying 0 resource
2023-09-13 09:57:44,362 [Worker-112: Building] INFO  o.a.m.s.f.DefaultMavenResourcesFiltering - skip non existing resourceDirectory C:\Users\Haricharan.S\Desktop\casestudy_new\certificate\src\test\resources
2023-09-13 10:06:02,792 [Worker-116: Building] INFO  o.a.m.s.f.DefaultMavenResourcesFiltering - Copying 1 resource
2023-09-13 10:06:02,803 [Worker-116: Building] INFO  o.a.m.s.f.DefaultMavenResourcesFiltering - Copying 0 resource
2023-09-13 10:06:02,807 [Worker-116: Building] INFO  o.a.m.s.f.DefaultMavenResourcesFiltering - skip non existing resourceDirectory C:\Users\Haricharan.S\Desktop\casestudy_new\certificate\src\test\resources
2023-09-13 10:12:08,783 [Worker-117: Building] INFO  o.a.m.s.f.DefaultMavenResourcesFiltering - Copying 1 resource
2023-09-13 10:12:08,796 [Worker-117: Building] INFO  o.a.m.s.f.DefaultMavenResourcesFiltering - Copying 0 resource
2023-09-13 10:12:08,800 [Worker-117: Building] INFO  o.a.m.s.f.DefaultMavenResourcesFiltering - skip non existing resourceDirectory C:\Users\Haricharan.S\Desktop\casestudy_new\certificate\src\test\resources
2023-09-13 10:14:01,225 [Worker-120: Building] INFO  o.a.m.s.f.DefaultMavenResourcesFiltering - Copying 1 resource
2023-09-13 10:14:01,236 [Worker-120: Building] INFO  o.a.m.s.f.DefaultMavenResourcesFiltering - Copying 0 resource
2023-09-13 10:14:01,240 [Worker-120: Building] INFO  o.a.m.s.f.DefaultMavenResourcesFiltering - skip non existing resourceDirectory C:\Users\Haricharan.S\Desktop\casestudy_new\certificate\src\test\resources
2023-09-13 10:17:59,569 [Worker-112: Building] INFO  o.a.m.s.f.DefaultMavenResourcesFiltering - Copying 1 resource
2023-09-13 10:17:59,608 [Worker-112: Building] INFO  o.a.m.s.f.DefaultMavenResourcesFiltering - Copying 0 resource
2023-09-13 10:17:59,611 [Worker-112: Building] INFO  o.a.m.s.f.DefaultMavenResourcesFiltering - skip non existing resourceDirectory C:\Users\Haricharan.S\Desktop\casestudy_new\certificate\src\test\resources
2023-09-13 10:27:11,645 [Worker-124: Building] INFO  o.a.m.s.f.DefaultMavenResourcesFiltering - Copying 1 resource
2023-09-13 10:27:11,663 [Worker-124: Building] INFO  o.a.m.s.f.DefaultMavenResourcesFiltering - Copying 0 resource
2023-09-13 10:27:11,666 [Worker-124: Building] INFO  o.a.m.s.f.DefaultMavenResourcesFiltering - skip non existing resourceDirectory C:\Users\Haricharan.S\Desktop\casestudy_new\certificate\src\test\resources
2023-09-13 10:28:25,549 [Worker-117: Building] INFO  o.a.m.s.f.DefaultMavenResourcesFiltering - Copying 1 resource
2023-09-13 10:28:25,567 [Worker-117: Building] INFO  o.a.m.s.f.DefaultMavenResourcesFiltering - Copying 0 resource
2023-09-13 10:28:25,570 [Worker-117: Building] INFO  o.a.m.s.f.DefaultMavenResourcesFiltering - skip non existing resourceDirectory C:\Users\Haricharan.S\Desktop\casestudy_new\certificate\src\test\resources
2023-09-13 10:29:39,882 [Worker-117: Building] INFO  o.a.m.s.f.DefaultMavenResourcesFiltering - Copying 1 resource
2023-09-13 10:29:39,890 [Worker-117: Building] INFO  o.a.m.s.f.DefaultMavenResourcesFiltering - Copying 0 resource
2023-09-13 10:29:39,893 [Worker-117: Building] INFO  o.a.m.s.f.DefaultMavenResourcesFiltering - skip non existing resourceDirectory C:\Users\Haricharan.S\Desktop\casestudy_new\certificate\src\test\resources
2023-09-13 11:00:53,360 [Worker-131: Building] INFO  o.a.m.s.f.DefaultMavenResourcesFiltering - Copying 1 resource
2023-09-13 11:00:53,471 [Worker-131: Building] INFO  o.a.m.s.f.DefaultMavenResourcesFiltering - Copying 0 resource
2023-09-13 11:00:53,475 [Worker-131: Building] INFO  o.a.m.s.f.DefaultMavenResourcesFiltering - skip non existing resourceDirectory C:\Users\Haricharan.S\Desktop\casestudy_new\certificate\src\test\resources
2023-09-13 11:01:24,717 [Worker-129: Building] INFO  o.a.m.s.f.DefaultMavenResourcesFiltering - Copying 1 resource
2023-09-13 11:01:24,842 [Worker-129: Building] INFO  o.a.m.s.f.DefaultMavenResourcesFiltering - Copying 0 resource
2023-09-13 11:01:24,846 [Worker-129: Building] INFO  o.a.m.s.f.DefaultMavenResourcesFiltering - skip non existing resourceDirectory C:\Users\Haricharan.S\Desktop\casestudy_new\certificate\src\test\resources
2023-09-13 11:03:50,089 [Worker-135: Building] INFO  o.a.m.s.f.DefaultMavenResourcesFiltering - Copying 1 resource
2023-09-13 11:03:50,115 [Worker-135: Building] INFO  o.a.m.s.f.DefaultMavenResourcesFiltering - Copying 0 resource
2023-09-13 11:03:50,118 [Worker-135: Building] INFO  o.a.m.s.f.DefaultMavenResourcesFiltering - skip non existing resourceDirectory C:\Users\Haricharan.S\Desktop\casestudy_new\certificate\src\test\resources
2023-09-13 11:04:57,895 [Worker-133: Building] INFO  o.a.m.s.f.DefaultMavenResourcesFiltering - Copying 1 resource
2023-09-13 11:04:57,919 [Worker-133: Building] INFO  o.a.m.s.f.DefaultMavenResourcesFiltering - Copying 0 resource
2023-09-13 11:04:57,923 [Worker-133: Building] INFO  o.a.m.s.f.DefaultMavenResourcesFiltering - skip non existing resourceDirectory C:\Users\Haricharan.S\Desktop\casestudy_new\certificate\src\test\resources
2023-09-13 11:05:00,999 [Start Help Server] INFO  org.eclipse.jetty.server.Server - jetty-10.0.13; built: 2022-12-07T20:13:20.134Z; git: 1c2636ea05c0ca8de1ffd6ca7f3a98ac084c766d; jvm 19.0.1+10
2023-09-13 11:05:01,050 [Start Help Server] INFO  o.e.j.s.s.DefaultSessionIdManager - Session workerName=node0
2023-09-13 11:05:01,107 [Start Help Server] INFO  o.e.j.server.handler.ContextHandler - Started o.e.j.s.ServletContextHandler@138d7e2e{/help,null,AVAILABLE}
2023-09-13 11:05:01,180 [Start Help Server] INFO  o.e.jetty.server.AbstractConnector - Started ServerConnector@74466a58{HTTP/1.1, (http/1.1)}{127.0.0.1:53800}
2023-09-13 11:05:01,192 [Start Help Server] INFO  org.eclipse.jetty.server.Server - Started Server@5f3b61b3{STARTING}[10.0.13,sto=0] @64955717ms
2023-09-13 11:07:16,615 [Worker-131: Building] INFO  o.a.m.s.f.DefaultMavenResourcesFiltering - Copying 1 resource
2023-09-13 11:07:16,623 [Worker-131: Building] INFO  o.a.m.s.f.DefaultMavenResourcesFiltering - Copying 0 resource
2023-09-13 11:07:16,626 [Worker-131: Building] INFO  o.a.m.s.f.DefaultMavenResourcesFiltering - skip non existing resourceDirectory C:\Users\Haricharan.S\Desktop\casestudy_new\certificate\src\test\resources
2023-09-13 11:08:16,567 [Worker-131: Building] INFO  o.a.m.s.f.DefaultMavenResourcesFiltering - Copying 1 resource
2023-09-13 11:08:16,581 [Worker-131: Building] INFO  o.a.m.s.f.DefaultMavenResourcesFiltering - Copying 0 resource
2023-09-13 11:08:16,584 [Worker-131: Building] INFO  o.a.m.s.f.DefaultMavenResourcesFiltering - skip non existing resourceDirectory C:\Users\Haricharan.S\Desktop\casestudy_new\certificate\src\test\resources
2023-09-13 11:08:41,056 [Worker-132: Building] INFO  o.a.m.s.f.DefaultMavenResourcesFiltering - Copying 1 resource
2023-09-13 11:08:41,067 [Worker-132: Building] INFO  o.a.m.s.f.DefaultMavenResourcesFiltering - Copying 0 resource
2023-09-13 11:08:41,070 [Worker-132: Building] INFO  o.a.m.s.f.DefaultMavenResourcesFiltering - skip non existing resourceDirectory C:\Users\Haricharan.S\Desktop\casestudy_new\certificate\src\test\resources
2023-09-13 11:09:31,406 [Worker-137: Building] INFO  o.a.m.s.f.DefaultMavenResourcesFiltering - Copying 1 resource
2023-09-13 11:09:31,415 [Worker-137: Building] INFO  o.a.m.s.f.DefaultMavenResourcesFiltering - Copying 0 resource
2023-09-13 11:09:31,419 [Worker-137: Building] INFO  o.a.m.s.f.DefaultMavenResourcesFiltering - skip non existing resourceDirectory C:\Users\Haricharan.S\Desktop\casestudy_new\certificate\src\test\resources
2023-09-13 11:09:58,071 [Worker-135: Building] INFO  o.a.m.s.f.DefaultMavenResourcesFiltering - Copying 1 resource
2023-09-13 11:09:58,099 [Worker-135: Building] INFO  o.a.m.s.f.DefaultMavenResourcesFiltering - Copying 0 resource
2023-09-13 11:09:58,102 [Worker-135: Building] INFO  o.a.m.s.f.DefaultMavenResourcesFiltering - skip non existing resourceDirectory C:\Users\Haricharan.S\Desktop\casestudy_new\certificate\src\test\resources
2023-09-13 11:11:23,832 [Worker-131: Building] INFO  o.a.m.s.f.DefaultMavenResourcesFiltering - Copying 1 resource
2023-09-13 11:11:23,839 [Worker-131: Building] INFO  o.a.m.s.f.DefaultMavenResourcesFiltering - Copying 0 resource
2023-09-13 11:11:23,842 [Worker-131: Building] INFO  o.a.m.s.f.DefaultMavenResourcesFiltering - skip non existing resourceDirectory C:\Users\Haricharan.S\Desktop\casestudy_new\certificate\src\test\resources
2023-09-13 11:12:00,200 [Worker-134: Building] INFO  o.a.m.s.f.DefaultMavenResourcesFiltering - Copying 1 resource
2023-09-13 11:12:00,211 [Worker-134: Building] INFO  o.a.m.s.f.DefaultMavenResourcesFiltering - Copying 0 resource
2023-09-13 11:12:00,215 [Worker-134: Building] INFO  o.a.m.s.f.DefaultMavenResourcesFiltering - skip non existing resourceDirectory C:\Users\Haricharan.S\Desktop\casestudy_new\certificate\src\test\resources
2023-09-13 11:12:46,871 [Worker-137: Building] INFO  o.a.m.s.f.DefaultMavenResourcesFiltering - Copying 1 resource
2023-09-13 11:12:46,878 [Worker-137: Building] INFO  o.a.m.s.f.DefaultMavenResourcesFiltering - Copying 0 resource
2023-09-13 11:12:46,882 [Worker-137: Building] INFO  o.a.m.s.f.DefaultMavenResourcesFiltering - skip non existing resourceDirectory C:\Users\Haricharan.S\Desktop\casestudy_new\certificate\src\test\resources
2023-09-13 11:13:51,370 [Worker-136: Building] INFO  o.a.m.s.f.DefaultMavenResourcesFiltering - Copying 1 resource
2023-09-13 11:13:51,401 [Worker-136: Building] INFO  o.a.m.s.f.DefaultMavenResourcesFiltering - Copying 0 resource
2023-09-13 11:13:51,405 [Worker-136: Building] INFO  o.a.m.s.f.DefaultMavenResourcesFiltering - skip non existing resourceDirectory C:\Users\Haricharan.S\Desktop\casestudy_new\certificate\src\test\resources
2023-09-13 11:14:36,429 [Worker-135: Building] INFO  o.a.m.s.f.DefaultMavenResourcesFiltering - Copying 1 resource
2023-09-13 11:14:36,493 [Worker-135: Building] INFO  o.a.m.s.f.DefaultMavenResourcesFiltering - Copying 0 resource
2023-09-13 11:14:36,497 [Worker-135: Building] INFO  o.a.m.s.f.DefaultMavenResourcesFiltering - skip non existing resourceDirectory C:\Users\Haricharan.S\Desktop\casestudy_new\certificate\src\test\resources
2023-09-13 11:16:24,035 [Worker-136: Building] INFO  o.a.m.s.f.DefaultMavenResourcesFiltering - Copying 1 resource
2023-09-13 11:16:24,056 [Worker-136: Building] INFO  o.a.m.s.f.DefaultMavenResourcesFiltering - Copying 0 resource
2023-09-13 11:16:24,059 [Worker-136: Building] INFO  o.a.m.s.f.DefaultMavenResourcesFiltering - skip non existing resourceDirectory C:\Users\Haricharan.S\Desktop\casestudy_new\certificate\src\test\resources
2023-09-13 11:16:28,437 [Worker-131: Building] INFO  o.a.m.s.f.DefaultMavenResourcesFiltering - Copying 1 resource
2023-09-13 11:16:28,449 [Worker-131: Building] INFO  o.a.m.s.f.DefaultMavenResourcesFiltering - Copying 0 resource
2023-09-13 11:16:28,452 [Worker-131: Building] INFO  o.a.m.s.f.DefaultMavenResourcesFiltering - skip non existing resourceDirectory C:\Users\Haricharan.S\Desktop\casestudy_new\certificate\src\test\resources
2023-09-13 11:17:30,803 [Worker-137: Building] INFO  o.a.m.s.f.DefaultMavenResourcesFiltering - Copying 1 resource
2023-09-13 11:17:30,822 [Worker-137: Building] INFO  o.a.m.s.f.DefaultMavenResourcesFiltering - Copying 0 resource
2023-09-13 11:17:30,826 [Worker-137: Building] INFO  o.a.m.s.f.DefaultMavenResourcesFiltering - skip non existing resourceDirectory C:\Users\Haricharan.S\Desktop\casestudy_new\certificate\src\test\resources
2023-09-13 11:17:52,736 [Worker-134: Building] INFO  o.a.m.s.f.DefaultMavenResourcesFiltering - Copying 1 resource
2023-09-13 11:17:52,748 [Worker-134: Building] INFO  o.a.m.s.f.DefaultMavenResourcesFiltering - Copying 0 resource
2023-09-13 11:17:52,752 [Worker-134: Building] INFO  o.a.m.s.f.DefaultMavenResourcesFiltering - skip non existing resourceDirectory C:\Users\Haricharan.S\Desktop\casestudy_new\certificate\src\test\resources
2023-09-13 11:18:05,462 [Worker-135: Building] INFO  o.a.m.s.f.DefaultMavenResourcesFiltering - Copying 1 resource
2023-09-13 11:18:05,474 [Worker-135: Building] INFO  o.a.m.s.f.DefaultMavenResourcesFiltering - Copying 0 resource
2023-09-13 11:18:05,478 [Worker-135: Building] INFO  o.a.m.s.f.DefaultMavenResourcesFiltering - skip non existing resourceDirectory C:\Users\Haricharan.S\Desktop\casestudy_new\certificate\src\test\resources
2023-09-13 11:19:31,956 [Worker-136: Building] INFO  o.a.m.s.f.DefaultMavenResourcesFiltering - Copying 1 resource
2023-09-13 11:19:31,966 [Worker-136: Building] INFO  o.a.m.s.f.DefaultMavenResourcesFiltering - Copying 0 resource
2023-09-13 11:19:31,970 [Worker-136: Building] INFO  o.a.m.s.f.DefaultMavenResourcesFiltering - skip non existing resourceDirectory C:\Users\Haricharan.S\Desktop\casestudy_new\certificate\src\test\resources
2023-09-13 11:58:07,774 [Worker-147: Building] INFO  o.a.m.s.f.DefaultMavenResourcesFiltering - Copying 1 resource
2023-09-13 11:58:07,962 [Worker-147: Building] INFO  o.a.m.s.f.DefaultMavenResourcesFiltering - Copying 0 resource
2023-09-13 11:58:07,966 [Worker-147: Building] INFO  o.a.m.s.f.DefaultMavenResourcesFiltering - skip non existing resourceDirectory C:\Users\Haricharan.S\Desktop\casestudy_new\certificate\src\test\resources
2023-09-13 12:18:38,949 [Worker-156: Building] INFO  o.a.m.s.f.DefaultMavenResourcesFiltering - Copying 1 resource
2023-09-13 12:18:40,418 [Worker-156: Building] INFO  o.a.m.s.f.DefaultMavenResourcesFiltering - Copying 0 resource
2023-09-13 12:18:40,434 [Worker-156: Building] INFO  o.a.m.s.f.DefaultMavenResourcesFiltering - skip non existing resourceDirectory C:\Users\Haricharan.S\Desktop\casestudy_new\certificate\src\test\resources
2023-09-13 12:27:22,215 [Worker-158: Building] INFO  o.e.m.c.i.l.LifecycleMappingFactory - Using org.eclipse.m2e.jdt.JarLifecycleMapping lifecycle mapping for MavenProject: com.certificate:certificate:0.0.1-SNAPSHOT @ C:\Users\Haricharan.S\Desktop\casestudy_new\certificate\pom.xml.
2023-09-13 12:27:24,801 [Worker-158: Building] INFO  o.a.m.s.f.DefaultMavenResourcesFiltering - Copying 0 resource
2023-09-13 12:27:24,802 [Worker-158: Building] INFO  o.a.m.s.f.DefaultMavenResourcesFiltering - Copying 0 resource
2023-09-13 12:27:24,807 [Worker-158: Building] INFO  o.a.m.s.f.DefaultMavenResourcesFiltering - skip non existing resourceDirectory C:\Users\Haricharan.S\Desktop\casestudy_new\certificate\src\test\resources
2023-09-13 12:31:35,728 [Worker-157: Building] INFO  o.a.m.s.f.DefaultMavenResourcesFiltering - Copying 1 resource
2023-09-13 12:31:35,827 [Worker-157: Building] INFO  o.a.m.s.f.DefaultMavenResourcesFiltering - Copying 0 resource
2023-09-13 12:31:35,833 [Worker-157: Building] INFO  o.a.m.s.f.DefaultMavenResourcesFiltering - skip non existing resourceDirectory C:\Users\Haricharan.S\Desktop\casestudy_new\certificate\src\test\resources
2023-09-13 12:32:57,502 [Worker-157: Building] INFO  o.a.m.s.f.DefaultMavenResourcesFiltering - Copying 1 resource
2023-09-13 12:32:57,551 [Worker-157: Building] INFO  o.a.m.s.f.DefaultMavenResourcesFiltering - Copying 0 resource
2023-09-13 12:32:57,556 [Worker-157: Building] INFO  o.a.m.s.f.DefaultMavenResourcesFiltering - skip non existing resourceDirectory C:\Users\Haricharan.S\Desktop\casestudy_new\certificate\src\test\resources
2023-09-13 12:36:38,711 [Worker-157: Building] INFO  o.e.m.c.i.l.LifecycleMappingFactory - Using org.eclipse.m2e.jdt.JarLifecycleMapping lifecycle mapping for MavenProject: com.certificate:certificate:0.0.1-SNAPSHOT @ C:\Users\Haricharan.S\Desktop\casestudy_new\certificate\pom.xml.
2023-09-13 12:36:40,165 [Worker-157: Building] INFO  o.a.m.s.f.DefaultMavenResourcesFiltering - Copying 0 resource
2023-09-13 12:36:40,165 [Worker-157: Building] INFO  o.a.m.s.f.DefaultMavenResourcesFiltering - Copying 0 resource
2023-09-13 12:36:40,170 [Worker-157: Building] INFO  o.a.m.s.f.DefaultMavenResourcesFiltering - skip non existing resourceDirectory C:\Users\Haricharan.S\Desktop\casestudy_new\certificate\src\test\resources
2023-09-13 12:39:51,595 [Worker-167: Building] INFO  o.a.m.s.f.DefaultMavenResourcesFiltering - Copying 1 resource
2023-09-13 12:39:51,625 [Worker-167: Building] INFO  o.a.m.s.f.DefaultMavenResourcesFiltering - Copying 0 resource
2023-09-13 12:39:51,629 [Worker-167: Building] INFO  o.a.m.s.f.DefaultMavenResourcesFiltering - skip non existing resourceDirectory C:\Users\Haricharan.S\Desktop\casestudy_new\certificate\src\test\resources
2023-09-13 12:44:44,365 [Worker-171: Building] INFO  o.e.m.c.i.l.LifecycleMappingFactory - Using org.eclipse.m2e.jdt.JarLifecycleMapping lifecycle mapping for MavenProject: com.certificate:certificate:0.0.1-SNAPSHOT @ C:\Users\Haricharan.S\Desktop\casestudy_new\certificate\pom.xml.
2023-09-13 12:44:45,819 [Worker-171: Building] INFO  o.a.m.s.f.DefaultMavenResourcesFiltering - Copying 0 resource
2023-09-13 12:44:45,820 [Worker-171: Building] INFO  o.a.m.s.f.DefaultMavenResourcesFiltering - Copying 0 resource
2023-09-13 12:44:45,825 [Worker-171: Building] INFO  o.a.m.s.f.DefaultMavenResourcesFiltering - skip non existing resourceDirectory C:\Users\Haricharan.S\Desktop\casestudy_new\certificate\src\test\resources
2023-09-13 12:45:08,138 [Worker-35: Building] INFO  o.e.m.c.i.l.LifecycleMappingFactory - Using org.eclipse.m2e.jdt.JarLifecycleMapping lifecycle mapping for MavenProject: com.certificate:certificate:0.0.1-SNAPSHOT @ C:\Users\Haricharan.S\Desktop\casestudy_new\certificate\pom.xml.
2023-09-13 12:45:09,302 [Worker-35: Building] INFO  o.e.m.c.i.e.AbstractTransferListenerAdapter - Downloading https://repo.maven.apache.org/maven2/org/projectlombok/lombok/1.18.24/lombok-1.18.24.pom
2023-09-13 12:45:09,444 [Worker-35: Building] INFO  o.e.m.c.i.e.AbstractTransferListenerAdapter - Downloaded https://repo.maven.apache.org/maven2/org/projectlombok/lombok/1.18.24/lombok-1.18.24.pom
2023-09-13 12:45:09,532 [Worker-35: Building] INFO  o.e.m.c.i.e.AbstractTransferListenerAdapter - Downloading https://repo.maven.apache.org/maven2/org/projectlombok/lombok/1.18.24/lombok-1.18.24.jar
2023-09-13 12:45:10,699 [Worker-35: Building] INFO  o.e.m.c.i.e.AbstractTransferListenerAdapter - Downloaded https://repo.maven.apache.org/maven2/org/projectlombok/lombok/1.18.24/lombok-1.18.24.jar
2023-09-13 12:45:11,122 [Worker-35: Building] INFO  o.a.m.s.f.DefaultMavenResourcesFiltering - Copying 0 resource
2023-09-13 12:45:11,123 [Worker-35: Building] INFO  o.a.m.s.f.DefaultMavenResourcesFiltering - Copying 0 resource
2023-09-13 12:45:11,127 [Worker-35: Building] INFO  o.a.m.s.f.DefaultMavenResourcesFiltering - skip non existing resourceDirectory C:\Users\Haricharan.S\Desktop\casestudy_new\certificate\src\test\resources
2023-09-13 12:45:12,301 [Worker-165: Download sources and javadoc] INFO  o.e.m.c.i.e.AbstractTransferListenerAdapter - Downloading https://repo.maven.apache.org/maven2/org/projectlombok/lombok/1.18.24/lombok-1.18.24-sources.jar
2023-09-13 12:45:13,211 [Worker-165: Download sources and javadoc] INFO  o.e.m.c.i.e.AbstractTransferListenerAdapter - Downloaded https://repo.maven.apache.org/maven2/org/projectlombok/lombok/1.18.24/lombok-1.18.24-sources.jar
2023-09-13 12:45:13,388 [Worker-165: Download sources and javadoc] INFO  o.e.m.j.internal.DownloadSourcesJob - Downloaded sources for org.projectlombok:lombok:1.18.24
2023-09-13 12:45:13,628 [Worker-172: Updating Maven Project] INFO  o.e.m.c.i.p.ProjectConfigurationManager - Update started
2023-09-13 12:45:14,048 [Worker-172: Updating Maven Project] INFO  o.e.m.c.i.l.LifecycleMappingFactory - Using org.eclipse.m2e.jdt.JarLifecycleMapping lifecycle mapping for MavenProject: com.certificate:certificate:0.0.1-SNAPSHOT @ C:\Users\Haricharan.S\Desktop\casestudy_new\certificate\pom.xml.
2023-09-13 12:45:17,200 [Worker-172: Updating Maven Project] INFO  o.e.m.j.i.AbstractJavaProjectConfigurator - Adding source folder /certificate/src/main/java
2023-09-13 12:45:17,201 [Worker-172: Updating Maven Project] INFO  o.e.m.j.i.AbstractJavaProjectConfigurator - Adding resource folder /certificate/src/main/resources
2023-09-13 12:45:17,203 [Worker-172: Updating Maven Project] INFO  o.e.m.j.i.AbstractJavaProjectConfigurator - Adding resource folder /certificate/src/main/resources
2023-09-13 12:45:17,204 [Worker-172: Updating Maven Project] INFO  o.e.m.j.i.AbstractJavaProjectConfigurator - Adding source folder /certificate/src/test/java
2023-09-13 12:45:18,527 [Worker-172: Updating Maven Project] INFO  o.e.m.c.i.p.ProjectConfigurationManager - Update completed for 1 poms: local refresh takes 0.00 sec, refresh facades takes 2.00 sec, update config takes 1.00 sec 
2023-09-13 12:45:20,585 [Worker-39: Building] INFO  o.a.m.s.f.DefaultMavenResourcesFiltering - Copying 1 resource
2023-09-13 12:45:20,623 [Worker-39: Building] INFO  o.a.m.s.f.DefaultMavenResourcesFiltering - Copying 0 resource
2023-09-13 12:45:20,628 [Worker-39: Building] INFO  o.a.m.s.f.DefaultMavenResourcesFiltering - skip non existing resourceDirectory C:\Users\Haricharan.S\Desktop\casestudy_new\certificate\src\test\resources
2023-09-13 12:47:23,149 [Worker-35: Building] INFO  o.a.m.s.f.DefaultMavenResourcesFiltering - Copying 1 resource
2023-09-13 12:47:23,293 [Worker-35: Building] INFO  o.a.m.s.f.DefaultMavenResourcesFiltering - Copying 0 resource
2023-09-13 12:47:23,297 [Worker-35: Building] INFO  o.a.m.s.f.DefaultMavenResourcesFiltering - skip non existing resourceDirectory C:\Users\Haricharan.S\Desktop\casestudy_new\certificate\src\test\resources
2023-09-13 12:47:46,624 [Worker-185: Building] INFO  o.a.m.s.f.DefaultMavenResourcesFiltering - Copying 1 resource
2023-09-13 12:47:46,641 [Worker-185: Building] INFO  o.a.m.s.f.DefaultMavenResourcesFiltering - Copying 0 resource
2023-09-13 12:47:46,645 [Worker-185: Building] INFO  o.a.m.s.f.DefaultMavenResourcesFiltering - skip non existing resourceDirectory C:\Users\Haricharan.S\Desktop\casestudy_new\certificate\src\test\resources
2023-09-13 13:00:13,599 [Worker-190: Building] INFO  o.a.m.s.f.DefaultMavenResourcesFiltering - Copying 1 resource
2023-09-13 13:00:13,748 [Worker-190: Building] INFO  o.a.m.s.f.DefaultMavenResourcesFiltering - Copying 0 resource
2023-09-13 13:00:13,753 [Worker-190: Building] INFO  o.a.m.s.f.DefaultMavenResourcesFiltering - skip non existing resourceDirectory C:\Users\Haricharan.S\Desktop\casestudy_new\certificate\src\test\resources
2023-09-13 13:00:30,459 [main] INFO  o.e.m2e.actions.ExecutePomAction - Creating new launch configuration
2023-09-13 13:00:35,614 [Worker-191: Launching certificate] INFO  o.eclipse.m2e.core.internal.Bundles - getClasspathEntries(Bundle=org.eclipse.m2e.maven.runtime_3.8.701.20230209-1606 [610])
2023-09-13 13:00:35,657 [Worker-191: Launching certificate] INFO  o.eclipse.m2e.core.internal.Bundles - 	Entry: C:\Users\Haricharan.S\.p2\pool\plugins\org.eclipse.m2e.maven.runtime_3.8.701.20230209-1606
2023-09-13 13:00:35,659 [Worker-191: Launching certificate] INFO  o.eclipse.m2e.core.internal.Bundles - 	Entry: C:\Users\Haricharan.S\.p2\pool\plugins\org.eclipse.m2e.maven.runtime_3.8.701.20230209-1606\jars\aether-connector-okhttp-0.17.8.jar
2023-09-13 13:00:35,659 [Worker-191: Launching certificate] INFO  o.eclipse.m2e.core.internal.Bundles - 	Entry: C:\Users\Haricharan.S\.p2\pool\plugins\org.eclipse.m2e.maven.runtime_3.8.701.20230209-1606\jars\commons-lang3-3.8.1.jar
2023-09-13 13:00:35,659 [Worker-191: Launching certificate] INFO  o.eclipse.m2e.core.internal.Bundles - 	Entry: C:\Users\Haricharan.S\.p2\pool\plugins\org.eclipse.m2e.maven.runtime_3.8.701.20230209-1606\jars\guice-4.2.2-no_aop.jar
2023-09-13 13:00:35,660 [Worker-191: Launching certificate] INFO  o.eclipse.m2e.core.internal.Bundles - 	Entry: C:\Users\Haricharan.S\.p2\pool\plugins\org.eclipse.m2e.maven.runtime_3.8.701.20230209-1606\jars\jansi-2.4.0.jar
2023-09-13 13:00:35,660 [Worker-191: Launching certificate] INFO  o.eclipse.m2e.core.internal.Bundles - 	Entry: C:\Users\Haricharan.S\.p2\pool\plugins\org.eclipse.m2e.maven.runtime_3.8.701.20230209-1606\jars\maven-artifact-3.8.7.jar
2023-09-13 13:00:35,660 [Worker-191: Launching certificate] INFO  o.eclipse.m2e.core.internal.Bundles - 	Entry: C:\Users\Haricharan.S\.p2\pool\plugins\org.eclipse.m2e.maven.runtime_3.8.701.20230209-1606\jars\maven-builder-support-3.8.7.jar
2023-09-13 13:00:35,660 [Worker-191: Launching certificate] INFO  o.eclipse.m2e.core.internal.Bundles - 	Entry: C:\Users\Haricharan.S\.p2\pool\plugins\org.eclipse.m2e.maven.runtime_3.8.701.20230209-1606\jars\maven-compat-3.8.7.jar
2023-09-13 13:00:35,660 [Worker-191: Launching certificate] INFO  o.eclipse.m2e.core.internal.Bundles - 	Entry: C:\Users\Haricharan.S\.p2\pool\plugins\org.eclipse.m2e.maven.runtime_3.8.701.20230209-1606\jars\maven-core-3.8.7.jar
2023-09-13 13:00:35,660 [Worker-191: Launching certificate] INFO  o.eclipse.m2e.core.internal.Bundles - 	Entry: C:\Users\Haricharan.S\.p2\pool\plugins\org.eclipse.m2e.maven.runtime_3.8.701.20230209-1606\jars\maven-embedder-3.8.7.jar
2023-09-13 13:00:35,661 [Worker-191: Launching certificate] INFO  o.eclipse.m2e.core.internal.Bundles - 	Entry: C:\Users\Haricharan.S\.p2\pool\plugins\org.eclipse.m2e.maven.runtime_3.8.701.20230209-1606\jars\maven-model-3.8.7.jar
2023-09-13 13:00:35,661 [Worker-191: Launching certificate] INFO  o.eclipse.m2e.core.internal.Bundles - 	Entry: C:\Users\Haricharan.S\.p2\pool\plugins\org.eclipse.m2e.maven.runtime_3.8.701.20230209-1606\jars\maven-model-builder-3.8.7.jar
2023-09-13 13:00:35,661 [Worker-191: Launching certificate] INFO  o.eclipse.m2e.core.internal.Bundles - 	Entry: C:\Users\Haricharan.S\.p2\pool\plugins\org.eclipse.m2e.maven.runtime_3.8.701.20230209-1606\jars\maven-plugin-api-3.8.7.jar
2023-09-13 13:00:35,661 [Worker-191: Launching certificate] INFO  o.eclipse.m2e.core.internal.Bundles - 	Entry: C:\Users\Haricharan.S\.p2\pool\plugins\org.eclipse.m2e.maven.runtime_3.8.701.20230209-1606\jars\maven-repository-metadata-3.8.7.jar
2023-09-13 13:00:35,661 [Worker-191: Launching certificate] INFO  o.eclipse.m2e.core.internal.Bundles - 	Entry: C:\Users\Haricharan.S\.p2\pool\plugins\org.eclipse.m2e.maven.runtime_3.8.701.20230209-1606\jars\maven-resolver-api-1.6.3.jar
2023-09-13 13:00:35,661 [Worker-191: Launching certificate] INFO  o.eclipse.m2e.core.internal.Bundles - 	Entry: C:\Users\Haricharan.S\.p2\pool\plugins\org.eclipse.m2e.maven.runtime_3.8.701.20230209-1606\jars\maven-resolver-connector-basic-1.6.3.jar
2023-09-13 13:00:35,662 [Worker-191: Launching certificate] INFO  o.eclipse.m2e.core.internal.Bundles - 	Entry: C:\Users\Haricharan.S\.p2\pool\plugins\org.eclipse.m2e.maven.runtime_3.8.701.20230209-1606\jars\maven-resolver-impl-1.6.3.jar
2023-09-13 13:00:35,662 [Worker-191: Launching certificate] INFO  o.eclipse.m2e.core.internal.Bundles - 	Entry: C:\Users\Haricharan.S\.p2\pool\plugins\org.eclipse.m2e.maven.runtime_3.8.701.20230209-1606\jars\maven-resolver-provider-3.8.7.jar
2023-09-13 13:00:35,662 [Worker-191: Launching certificate] INFO  o.eclipse.m2e.core.internal.Bundles - 	Entry: C:\Users\Haricharan.S\.p2\pool\plugins\org.eclipse.m2e.maven.runtime_3.8.701.20230209-1606\jars\maven-resolver-spi-1.6.3.jar
2023-09-13 13:00:35,662 [Worker-191: Launching certificate] INFO  o.eclipse.m2e.core.internal.Bundles - 	Entry: C:\Users\Haricharan.S\.p2\pool\plugins\org.eclipse.m2e.maven.runtime_3.8.701.20230209-1606\jars\maven-resolver-transport-wagon-1.6.3.jar
2023-09-13 13:00:35,662 [Worker-191: Launching certificate] INFO  o.eclipse.m2e.core.internal.Bundles - 	Entry: C:\Users\Haricharan.S\.p2\pool\plugins\org.eclipse.m2e.maven.runtime_3.8.701.20230209-1606\jars\maven-resolver-util-1.6.3.jar
2023-09-13 13:00:35,662 [Worker-191: Launching certificate] INFO  o.eclipse.m2e.core.internal.Bundles - 	Entry: C:\Users\Haricharan.S\.p2\pool\plugins\org.eclipse.m2e.maven.runtime_3.8.701.20230209-1606\jars\maven-settings-3.8.7.jar
2023-09-13 13:00:35,663 [Worker-191: Launching certificate] INFO  o.eclipse.m2e.core.internal.Bundles - 	Entry: C:\Users\Haricharan.S\.p2\pool\plugins\org.eclipse.m2e.maven.runtime_3.8.701.20230209-1606\jars\maven-settings-builder-3.8.7.jar
2023-09-13 13:00:35,663 [Worker-191: Launching certificate] INFO  o.eclipse.m2e.core.internal.Bundles - 	Entry: C:\Users\Haricharan.S\.p2\pool\plugins\org.eclipse.m2e.maven.runtime_3.8.701.20230209-1606\jars\maven-shared-utils-3.3.4.jar
2023-09-13 13:00:35,663 [Worker-191: Launching certificate] INFO  o.eclipse.m2e.core.internal.Bundles - 	Entry: C:\Users\Haricharan.S\.p2\pool\plugins\org.eclipse.m2e.maven.runtime_3.8.701.20230209-1606\jars\okhttp-3.14.1.jar
2023-09-13 13:00:35,663 [Worker-191: Launching certificate] INFO  o.eclipse.m2e.core.internal.Bundles - 	Entry: C:\Users\Haricharan.S\.p2\pool\plugins\org.eclipse.m2e.maven.runtime_3.8.701.20230209-1606\jars\okio-1.17.3.jar
2023-09-13 13:00:35,663 [Worker-191: Launching certificate] INFO  o.eclipse.m2e.core.internal.Bundles - 	Entry: C:\Users\Haricharan.S\.p2\pool\plugins\org.eclipse.m2e.maven.runtime_3.8.701.20230209-1606\jars\org.eclipse.sisu.inject-0.3.5.jar
2023-09-13 13:00:35,663 [Worker-191: Launching certificate] INFO  o.eclipse.m2e.core.internal.Bundles - 	Entry: C:\Users\Haricharan.S\.p2\pool\plugins\org.eclipse.m2e.maven.runtime_3.8.701.20230209-1606\jars\org.eclipse.sisu.plexus-0.3.5.jar
2023-09-13 13:00:35,664 [Worker-191: Launching certificate] INFO  o.eclipse.m2e.core.internal.Bundles - 	Entry: C:\Users\Haricharan.S\.p2\pool\plugins\org.eclipse.m2e.maven.runtime_3.8.701.20230209-1606\jars\plexus-build-api-0.0.7.jar
2023-09-13 13:00:35,664 [Worker-191: Launching certificate] INFO  o.eclipse.m2e.core.internal.Bundles - 	Entry: C:\Users\Haricharan.S\.p2\pool\plugins\org.eclipse.m2e.maven.runtime_3.8.701.20230209-1606\jars\plexus-cipher-2.0.jar
2023-09-13 13:00:35,664 [Worker-191: Launching certificate] INFO  o.eclipse.m2e.core.internal.Bundles - 	Entry: C:\Users\Haricharan.S\.p2\pool\plugins\org.eclipse.m2e.maven.runtime_3.8.701.20230209-1606\jars\plexus-classworlds-2.6.0.jar
2023-09-13 13:00:35,664 [Worker-191: Launching certificate] INFO  o.eclipse.m2e.core.internal.Bundles - 	Entry: C:\Users\Haricharan.S\.p2\pool\plugins\org.eclipse.m2e.maven.runtime_3.8.701.20230209-1606\jars\plexus-component-annotations-2.1.0.jar
2023-09-13 13:00:35,664 [Worker-191: Launching certificate] INFO  o.eclipse.m2e.core.internal.Bundles - 	Entry: C:\Users\Haricharan.S\.p2\pool\plugins\org.eclipse.m2e.maven.runtime_3.8.701.20230209-1606\jars\plexus-interpolation-1.26.jar
2023-09-13 13:00:35,664 [Worker-191: Launching certificate] INFO  o.eclipse.m2e.core.internal.Bundles - 	Entry: C:\Users\Haricharan.S\.p2\pool\plugins\org.eclipse.m2e.maven.runtime_3.8.701.20230209-1606\jars\plexus-sec-dispatcher-2.0.jar
2023-09-13 13:00:35,665 [Worker-191: Launching certificate] INFO  o.eclipse.m2e.core.internal.Bundles - 	Entry: C:\Users\Haricharan.S\.p2\pool\plugins\org.eclipse.m2e.maven.runtime_3.8.701.20230209-1606\jars\plexus-utils-3.3.1.jar
2023-09-13 13:00:35,665 [Worker-191: Launching certificate] INFO  o.eclipse.m2e.core.internal.Bundles - 	Entry: C:\Users\Haricharan.S\.p2\pool\plugins\org.eclipse.m2e.maven.runtime_3.8.701.20230209-1606\jars\wagon-file-3.5.3.jar
2023-09-13 13:00:35,665 [Worker-191: Launching certificate] INFO  o.eclipse.m2e.core.internal.Bundles - 	Entry: C:\Users\Haricharan.S\.p2\pool\plugins\org.eclipse.m2e.maven.runtime_3.8.701.20230209-1606\jars\wagon-provider-api-3.5.3.jar
2023-09-13 13:00:35,667 [Worker-191: Launching certificate] INFO  o.eclipse.m2e.core.internal.Bundles - getClasspathEntries(Bundle=com.google.guava_31.1.0.jre [494])
2023-09-13 13:00:35,706 [Worker-191: Launching certificate] INFO  o.eclipse.m2e.core.internal.Bundles - 	Entry: C:\Users\Haricharan.S\.p2\pool\plugins\com.google.guava_31.1.0.jre.jar
2023-09-13 13:00:35,706 [Worker-191: Launching certificate] INFO  o.eclipse.m2e.core.internal.Bundles - getClasspathEntries(Bundle=slf4j.api_1.7.36 [433])
2023-09-13 13:00:35,710 [Worker-191: Launching certificate] INFO  o.eclipse.m2e.core.internal.Bundles - 	Entry: C:\Users\Haricharan.S\.p2\pool\plugins\slf4j.api_1.7.36.jar
2023-09-13 13:00:35,710 [Worker-191: Launching certificate] INFO  o.eclipse.m2e.core.internal.Bundles - getClasspathEntries(Bundle=javax.inject_1.0.0.v20220405-0441 [18])
2023-09-13 13:00:35,714 [Worker-191: Launching certificate] INFO  o.eclipse.m2e.core.internal.Bundles - 	Entry: C:\Users\Haricharan.S\.p2\pool\plugins\javax.inject_1.0.0.v20220405-0441.jar
2023-09-13 13:00:35,714 [Worker-191: Launching certificate] INFO  o.eclipse.m2e.core.internal.Bundles - getClasspathEntries(Bundle=javax.annotation_1.3.5.v20221203-1659 [497])
2023-09-13 13:00:35,715 [Worker-191: Launching certificate] INFO  o.eclipse.m2e.core.internal.Bundles - 	Entry: C:\Users\Haricharan.S\.p2\pool\plugins\javax.annotation_1.3.5.v20221203-1659.jar
2023-09-13 13:00:35,715 [Worker-191: Launching certificate] INFO  o.eclipse.m2e.core.internal.Bundles - getClasspathEntries(Bundle=org.apache.commons.cli_1.4.0.v20221112-0806 [511])
2023-09-13 13:00:35,729 [Worker-191: Launching certificate] INFO  o.eclipse.m2e.core.internal.Bundles - 	Entry: C:\Users\Haricharan.S\.p2\pool\plugins\org.apache.commons.cli_1.4.0.v20221112-0806.jar
2023-09-13 13:00:35,729 [Worker-191: Launching certificate] INFO  o.eclipse.m2e.core.internal.Bundles - getClasspathEntries(Bundle=com.google.guava.failureaccess_1.0.1 [495])
2023-09-13 13:00:35,738 [Worker-191: Launching certificate] INFO  o.eclipse.m2e.core.internal.Bundles - 	Entry: C:\Users\Haricharan.S\.p2\pool\plugins\com.google.guava.failureaccess_1.0.1.jar
2023-09-13 13:00:35,765 [Worker-191: Launching certificate] INFO  o.e.m.i.launch.MavenLaunchDelegate - Run build in "C:\Users\Haricharan.S\Desktop\casestudy_new\certificate":
2023-09-13 13:00:35,766 [Worker-191: Launching certificate] INFO  o.e.m.i.launch.MavenLaunchDelegate -  mvn  -B -Dstyle.color=always 
2023-09-13 13:00:35,864 [Worker-188: Building] INFO  o.a.m.s.f.DefaultMavenResourcesFiltering - Copying 1 resource
2023-09-13 13:00:36,121 [Worker-188: Building] INFO  o.a.m.s.f.DefaultMavenResourcesFiltering - Copying 0 resource
2023-09-13 13:00:36,128 [Worker-188: Building] INFO  o.a.m.s.f.DefaultMavenResourcesFiltering - skip non existing resourceDirectory C:\Users\Haricharan.S\Desktop\casestudy_new\certificate\src\test\resources
2023-09-13 13:02:11,506 [main] INFO  o.e.m2e.actions.ExecutePomAction - Using existing launch configuration
2023-09-13 13:02:16,535 [Worker-189: Launching certificate] INFO  o.e.m.i.launch.MavenLaunchDelegate - Run build in "C:\Users\Haricharan.S\Desktop\casestudy_new\certificate":
2023-09-13 13:02:16,535 [Worker-189: Launching certificate] INFO  o.e.m.i.launch.MavenLaunchDelegate -  mvn  -B -Dstyle.color=always mvn clean install
2023-09-13 13:03:17,809 [Worker-194: Building] INFO  o.a.m.s.f.DefaultMavenResourcesFiltering - Copying 1 resource
2023-09-13 13:03:17,862 [Worker-194: Building] INFO  o.a.m.s.f.DefaultMavenResourcesFiltering - Copying 0 resource
2023-09-13 13:03:17,864 [Worker-194: Building] INFO  o.a.m.s.f.DefaultMavenResourcesFiltering - skip non existing resourceDirectory C:\Users\Haricharan.S\Desktop\casestudy_new\certificate\src\test\resources
2023-09-13 13:03:33,990 [Worker-188: Building] INFO  o.a.m.s.f.DefaultMavenResourcesFiltering - Copying 0 resource
2023-09-13 13:03:33,990 [Worker-188: Building] INFO  o.a.m.s.f.DefaultMavenResourcesFiltering - Copying 0 resource
2023-09-13 13:03:33,993 [Worker-188: Building] INFO  o.a.m.s.f.DefaultMavenResourcesFiltering - skip non existing resourceDirectory C:\Users\Haricharan.S\Desktop\casestudy_new\certificate\src\test\resources
2023-09-13 13:03:45,851 [Worker-195: Launching Executing clean in C__Users_Haricharan.S_Desktop_casestudy_new_certificate] INFO  o.e.m.i.launch.MavenLaunchDelegate - Run build in "C:\Users\Haricharan.S\Desktop\casestudy_new\certificate":
2023-09-13 13:03:45,851 [Worker-195: Launching Executing clean in C__Users_Haricharan.S_Desktop_casestudy_new_certificate] INFO  o.e.m.i.launch.MavenLaunchDelegate -  mvn  -B -Dstyle.color=always clean
2023-09-13 13:04:05,021 [main] INFO  o.e.m2e.actions.ExecutePomAction - Using existing launch configuration
2023-09-13 13:04:05,085 [Worker-189: Launching certificate] INFO  o.e.m.i.launch.MavenLaunchDelegate - Run build in "C:\Users\Haricharan.S\Desktop\casestudy_new\certificate":
2023-09-13 13:04:05,085 [Worker-189: Launching certificate] INFO  o.e.m.i.launch.MavenLaunchDelegate -  mvn  -B -Dstyle.color=always mvn clean install
2023-09-13 13:04:28,901 [main] INFO  o.e.m2e.actions.ExecutePomAction - Creating new launch configuration
2023-09-13 13:04:36,471 [Worker-195: Launching certificate (1)] INFO  o.e.m.i.launch.MavenLaunchDelegate - Run build in "C:\Users\Haricharan.S\Desktop\casestudy_new\certificate":
2023-09-13 13:04:36,472 [Worker-195: Launching certificate (1)] INFO  o.e.m.i.launch.MavenLaunchDelegate -  mvn  -B -Dstyle.color=always mvn clean install
2023-09-13 13:15:09,079 [Worker-189: Building] INFO  o.a.m.s.f.DefaultMavenResourcesFiltering - Copying 1 resource
2023-09-13 13:15:09,111 [Worker-189: Building] INFO  o.a.m.s.f.DefaultMavenResourcesFiltering - Copying 0 resource
2023-09-13 13:15:09,117 [Worker-189: Building] INFO  o.a.m.s.f.DefaultMavenResourcesFiltering - skip non existing resourceDirectory C:\Users\Haricharan.S\Desktop\casestudy_new\certificate\src\test\resources
2023-09-13 13:15:59,761 [Worker-194: Building] INFO  o.a.m.s.f.DefaultMavenResourcesFiltering - Copying 1 resource
2023-09-13 13:15:59,774 [Worker-194: Building] INFO  o.a.m.s.f.DefaultMavenResourcesFiltering - Copying 0 resource
2023-09-13 13:15:59,777 [Worker-194: Building] INFO  o.a.m.s.f.DefaultMavenResourcesFiltering - skip non existing resourceDirectory C:\Users\Haricharan.S\Desktop\casestudy_new\certificate\src\test\resources
2023-09-13 13:16:21,729 [Worker-194: Building] INFO  o.a.m.s.f.DefaultMavenResourcesFiltering - Copying 1 resource
2023-09-13 13:16:21,738 [Worker-194: Building] INFO  o.a.m.s.f.DefaultMavenResourcesFiltering - Copying 0 resource
2023-09-13 13:16:21,742 [Worker-194: Building] INFO  o.a.m.s.f.DefaultMavenResourcesFiltering - skip non existing resourceDirectory C:\Users\Haricharan.S\Desktop\casestudy_new\certificate\src\test\resources
2023-09-13 13:16:48,303 [Worker-197: Building] INFO  o.a.m.s.f.DefaultMavenResourcesFiltering - Copying 1 resource
2023-09-13 13:16:48,318 [Worker-197: Building] INFO  o.a.m.s.f.DefaultMavenResourcesFiltering - Copying 0 resource
2023-09-13 13:16:48,321 [Worker-197: Building] INFO  o.a.m.s.f.DefaultMavenResourcesFiltering - skip non existing resourceDirectory C:\Users\Haricharan.S\Desktop\casestudy_new\certificate\src\test\resources
2023-09-13 13:19:16,367 [Worker-198: Building] INFO  o.a.m.s.f.DefaultMavenResourcesFiltering - Copying 1 resource
2023-09-13 13:19:16,375 [Worker-198: Building] INFO  o.a.m.s.f.DefaultMavenResourcesFiltering - Copying 0 resource
2023-09-13 13:19:16,380 [Worker-198: Building] INFO  o.a.m.s.f.DefaultMavenResourcesFiltering - skip non existing resourceDirectory C:\Users\Haricharan.S\Desktop\casestudy_new\certificate\src\test\resources
2023-09-13 13:19:35,354 [Worker-198: Building] INFO  o.a.m.s.f.DefaultMavenResourcesFiltering - Copying 1 resource
2023-09-13 13:19:35,360 [Worker-198: Building] INFO  o.a.m.s.f.DefaultMavenResourcesFiltering - Copying 0 resource
2023-09-13 13:19:35,364 [Worker-198: Building] INFO  o.a.m.s.f.DefaultMavenResourcesFiltering - skip non existing resourceDirectory C:\Users\Haricharan.S\Desktop\casestudy_new\certificate\src\test\resources
2023-09-13 13:21:48,803 [Worker-198: Building] INFO  o.a.m.s.f.DefaultMavenResourcesFiltering - Copying 1 resource
2023-09-13 13:21:48,814 [Worker-198: Building] INFO  o.a.m.s.f.DefaultMavenResourcesFiltering - Copying 0 resource
2023-09-13 13:21:48,818 [Worker-198: Building] INFO  o.a.m.s.f.DefaultMavenResourcesFiltering - skip non existing resourceDirectory C:\Users\Haricharan.S\Desktop\casestudy_new\certificate\src\test\resources
2023-09-13 13:22:17,334 [Worker-194: Building] INFO  o.a.m.s.f.DefaultMavenResourcesFiltering - Copying 1 resource
2023-09-13 13:22:17,345 [Worker-194: Building] INFO  o.a.m.s.f.DefaultMavenResourcesFiltering - Copying 0 resource
2023-09-13 13:22:17,349 [Worker-194: Building] INFO  o.a.m.s.f.DefaultMavenResourcesFiltering - skip non existing resourceDirectory C:\Users\Haricharan.S\Desktop\casestudy_new\certificate\src\test\resources
2023-09-13 13:23:59,288 [Worker-189: Building] INFO  o.a.m.s.f.DefaultMavenResourcesFiltering - Copying 1 resource
2023-09-13 13:23:59,303 [Worker-189: Building] INFO  o.a.m.s.f.DefaultMavenResourcesFiltering - Copying 0 resource
2023-09-13 13:23:59,331 [Worker-189: Building] INFO  o.a.m.s.f.DefaultMavenResourcesFiltering - skip non existing resourceDirectory C:\Users\Haricharan.S\Desktop\casestudy_new\certificate\src\test\resources
2023-09-13 13:24:20,595 [Worker-199: Building] INFO  o.a.m.s.f.DefaultMavenResourcesFiltering - Copying 1 resource
2023-09-13 13:24:20,605 [Worker-199: Building] INFO  o.a.m.s.f.DefaultMavenResourcesFiltering - Copying 0 resource
2023-09-13 13:24:20,609 [Worker-199: Building] INFO  o.a.m.s.f.DefaultMavenResourcesFiltering - skip non existing resourceDirectory C:\Users\Haricharan.S\Desktop\casestudy_new\certificate\src\test\resources
2023-09-13 13:25:14,603 [Worker-194: Building] INFO  o.a.m.s.f.DefaultMavenResourcesFiltering - Copying 1 resource
2023-09-13 13:25:14,612 [Worker-194: Building] INFO  o.a.m.s.f.DefaultMavenResourcesFiltering - Copying 0 resource
2023-09-13 13:25:14,616 [Worker-194: Building] INFO  o.a.m.s.f.DefaultMavenResourcesFiltering - skip non existing resourceDirectory C:\Users\Haricharan.S\Desktop\casestudy_new\certificate\src\test\resources
2023-09-13 13:25:27,379 [Worker-199: Building] INFO  o.a.m.s.f.DefaultMavenResourcesFiltering - Copying 1 resource
2023-09-13 13:25:27,388 [Worker-199: Building] INFO  o.a.m.s.f.DefaultMavenResourcesFiltering - Copying 0 resource
2023-09-13 13:25:27,393 [Worker-199: Building] INFO  o.a.m.s.f.DefaultMavenResourcesFiltering - skip non existing resourceDirectory C:\Users\Haricharan.S\Desktop\casestudy_new\certificate\src\test\resources
2023-09-13 13:25:45,126 [Worker-198: Building] INFO  o.a.m.s.f.DefaultMavenResourcesFiltering - Copying 1 resource
2023-09-13 13:25:45,135 [Worker-198: Building] INFO  o.a.m.s.f.DefaultMavenResourcesFiltering - Copying 0 resource
2023-09-13 13:25:45,138 [Worker-198: Building] INFO  o.a.m.s.f.DefaultMavenResourcesFiltering - skip non existing resourceDirectory C:\Users\Haricharan.S\Desktop\casestudy_new\certificate\src\test\resources
2023-09-13 13:25:51,329 [Worker-199: Building] INFO  o.a.m.s.f.DefaultMavenResourcesFiltering - Copying 1 resource
2023-09-13 13:25:51,336 [Worker-199: Building] INFO  o.a.m.s.f.DefaultMavenResourcesFiltering - Copying 0 resource
2023-09-13 13:25:51,341 [Worker-199: Building] INFO  o.a.m.s.f.DefaultMavenResourcesFiltering - skip non existing resourceDirectory C:\Users\Haricharan.S\Desktop\casestudy_new\certificate\src\test\resources
2023-09-13 13:25:58,825 [Worker-199: Building] INFO  o.a.m.s.f.DefaultMavenResourcesFiltering - Copying 1 resource
2023-09-13 13:25:58,833 [Worker-199: Building] INFO  o.a.m.s.f.DefaultMavenResourcesFiltering - Copying 0 resource
2023-09-13 13:25:58,836 [Worker-199: Building] INFO  o.a.m.s.f.DefaultMavenResourcesFiltering - skip non existing resourceDirectory C:\Users\Haricharan.S\Desktop\casestudy_new\certificate\src\test\resources
2023-09-13 13:27:09,626 [Worker-199: Building] INFO  o.a.m.s.f.DefaultMavenResourcesFiltering - Copying 0 resource
2023-09-13 13:27:09,627 [Worker-199: Building] INFO  o.a.m.s.f.DefaultMavenResourcesFiltering - Copying 0 resource
2023-09-13 13:27:09,630 [Worker-199: Building] INFO  o.a.m.s.f.DefaultMavenResourcesFiltering - skip non existing resourceDirectory C:\Users\Haricharan.S\Desktop\casestudy_new\certificate\src\test\resources
2023-09-13 13:27:58,552 [Worker-198: Building] INFO  o.a.m.s.f.DefaultMavenResourcesFiltering - Copying 1 resource
2023-09-13 13:27:58,564 [Worker-198: Building] INFO  o.a.m.s.f.DefaultMavenResourcesFiltering - Copying 0 resource
2023-09-13 13:27:58,568 [Worker-198: Building] INFO  o.a.m.s.f.DefaultMavenResourcesFiltering - skip non existing resourceDirectory C:\Users\Haricharan.S\Desktop\casestudy_new\certificate\src\test\resources
2023-09-13 13:28:38,968 [Worker-194: Building] INFO  o.a.m.s.f.DefaultMavenResourcesFiltering - Copying 1 resource
2023-09-13 13:28:38,982 [Worker-194: Building] INFO  o.a.m.s.f.DefaultMavenResourcesFiltering - Copying 0 resource
2023-09-13 13:28:38,986 [Worker-194: Building] INFO  o.a.m.s.f.DefaultMavenResourcesFiltering - skip non existing resourceDirectory C:\Users\Haricharan.S\Desktop\casestudy_new\certificate\src\test\resources
2023-09-13 13:29:36,835 [Worker-189: Building] INFO  o.a.m.s.f.DefaultMavenResourcesFiltering - Copying 1 resource
2023-09-13 13:29:36,845 [Worker-189: Building] INFO  o.a.m.s.f.DefaultMavenResourcesFiltering - Copying 0 resource
2023-09-13 13:29:36,849 [Worker-189: Building] INFO  o.a.m.s.f.DefaultMavenResourcesFiltering - skip non existing resourceDirectory C:\Users\Haricharan.S\Desktop\casestudy_new\certificate\src\test\resources
2023-09-13 13:29:48,979 [Worker-194: Building] INFO  o.a.m.s.f.DefaultMavenResourcesFiltering - Copying 1 resource
2023-09-13 13:29:48,989 [Worker-194: Building] INFO  o.a.m.s.f.DefaultMavenResourcesFiltering - Copying 0 resource
2023-09-13 13:29:48,993 [Worker-194: Building] INFO  o.a.m.s.f.DefaultMavenResourcesFiltering - skip non existing resourceDirectory C:\Users\Haricharan.S\Desktop\casestudy_new\certificate\src\test\resources
2023-09-13 13:30:33,137 [Worker-197: Building] INFO  o.a.m.s.f.DefaultMavenResourcesFiltering - Copying 1 resource
2023-09-13 13:30:33,144 [Worker-197: Building] INFO  o.a.m.s.f.DefaultMavenResourcesFiltering - Copying 0 resource
2023-09-13 13:30:33,147 [Worker-197: Building] INFO  o.a.m.s.f.DefaultMavenResourcesFiltering - skip non existing resourceDirectory C:\Users\Haricharan.S\Desktop\casestudy_new\certificate\src\test\resources
2023-09-13 13:30:43,028 [Worker-198: Building] INFO  o.a.m.s.f.DefaultMavenResourcesFiltering - Copying 1 resource
2023-09-13 13:30:43,039 [Worker-198: Building] INFO  o.a.m.s.f.DefaultMavenResourcesFiltering - Copying 0 resource
2023-09-13 13:30:43,043 [Worker-198: Building] INFO  o.a.m.s.f.DefaultMavenResourcesFiltering - skip non existing resourceDirectory C:\Users\Haricharan.S\Desktop\casestudy_new\certificate\src\test\resources
2023-09-13 13:30:48,303 [Worker-197: Building] INFO  o.a.m.s.f.DefaultMavenResourcesFiltering - Copying 0 resource
2023-09-13 13:30:48,303 [Worker-197: Building] INFO  o.a.m.s.f.DefaultMavenResourcesFiltering - Copying 0 resource
2023-09-13 13:30:48,307 [Worker-197: Building] INFO  o.a.m.s.f.DefaultMavenResourcesFiltering - skip non existing resourceDirectory C:\Users\Haricharan.S\Desktop\casestudy_new\certificate\src\test\resources
2023-09-13 13:31:26,563 [Worker-189: Building] INFO  o.a.m.s.f.DefaultMavenResourcesFiltering - Copying 1 resource
2023-09-13 13:31:26,573 [Worker-189: Building] INFO  o.a.m.s.f.DefaultMavenResourcesFiltering - Copying 0 resource
2023-09-13 13:31:26,576 [Worker-189: Building] INFO  o.a.m.s.f.DefaultMavenResourcesFiltering - skip non existing resourceDirectory C:\Users\Haricharan.S\Desktop\casestudy_new\certificate\src\test\resources
2023-09-13 13:31:33,846 [Worker-199: Building] INFO  o.a.m.s.f.DefaultMavenResourcesFiltering - Copying 1 resource
2023-09-13 13:31:33,853 [Worker-199: Building] INFO  o.a.m.s.f.DefaultMavenResourcesFiltering - Copying 0 resource
2023-09-13 13:31:33,857 [Worker-199: Building] INFO  o.a.m.s.f.DefaultMavenResourcesFiltering - skip non existing resourceDirectory C:\Users\Haricharan.S\Desktop\casestudy_new\certificate\src\test\resources
2023-09-13 13:31:58,118 [Worker-189: Building] INFO  o.a.m.s.f.DefaultMavenResourcesFiltering - Copying 1 resource
2023-09-13 13:31:58,128 [Worker-189: Building] INFO  o.a.m.s.f.DefaultMavenResourcesFiltering - Copying 0 resource
2023-09-13 13:31:58,135 [Worker-189: Building] INFO  o.a.m.s.f.DefaultMavenResourcesFiltering - skip non existing resourceDirectory C:\Users\Haricharan.S\Desktop\casestudy_new\certificate\src\test\resources
2023-09-13 13:32:10,555 [Worker-189: Building] INFO  o.a.m.s.f.DefaultMavenResourcesFiltering - Copying 1 resource
2023-09-13 13:32:10,560 [Worker-189: Building] INFO  o.a.m.s.f.DefaultMavenResourcesFiltering - Copying 0 resource
2023-09-13 13:32:10,564 [Worker-189: Building] INFO  o.a.m.s.f.DefaultMavenResourcesFiltering - skip non existing resourceDirectory C:\Users\Haricharan.S\Desktop\casestudy_new\certificate\src\test\resources
2023-09-13 13:32:31,631 [Worker-201: Building] INFO  o.a.m.s.f.DefaultMavenResourcesFiltering - Copying 1 resource
2023-09-13 13:32:31,638 [Worker-201: Building] INFO  o.a.m.s.f.DefaultMavenResourcesFiltering - Copying 0 resource
2023-09-13 13:32:31,644 [Worker-201: Building] INFO  o.a.m.s.f.DefaultMavenResourcesFiltering - skip non existing resourceDirectory C:\Users\Haricharan.S\Desktop\casestudy_new\certificate\src\test\resources
2023-09-13 13:32:37,144 [Worker-194: Building] INFO  o.a.m.s.f.DefaultMavenResourcesFiltering - Copying 1 resource
2023-09-13 13:32:37,150 [Worker-194: Building] INFO  o.a.m.s.f.DefaultMavenResourcesFiltering - Copying 0 resource
2023-09-13 13:32:37,153 [Worker-194: Building] INFO  o.a.m.s.f.DefaultMavenResourcesFiltering - skip non existing resourceDirectory C:\Users\Haricharan.S\Desktop\casestudy_new\certificate\src\test\resources
2023-09-13 13:32:48,922 [Worker-194: Building] INFO  o.a.m.s.f.DefaultMavenResourcesFiltering - Copying 1 resource
2023-09-13 13:32:48,928 [Worker-194: Building] INFO  o.a.m.s.f.DefaultMavenResourcesFiltering - Copying 0 resource
2023-09-13 13:32:48,932 [Worker-194: Building] INFO  o.a.m.s.f.DefaultMavenResourcesFiltering - skip non existing resourceDirectory C:\Users\Haricharan.S\Desktop\casestudy_new\certificate\src\test\resources
2023-09-13 13:35:12,320 [Worker-203: Building] INFO  o.a.m.s.f.DefaultMavenResourcesFiltering - Copying 1 resource
2023-09-13 13:35:12,330 [Worker-203: Building] INFO  o.a.m.s.f.DefaultMavenResourcesFiltering - Copying 0 resource
2023-09-13 13:35:12,333 [Worker-203: Building] INFO  o.a.m.s.f.DefaultMavenResourcesFiltering - skip non existing resourceDirectory C:\Users\Haricharan.S\Desktop\casestudy_new\certificate\src\test\resources
2023-09-13 13:35:13,472 [Worker-194: Building] INFO  o.a.m.s.f.DefaultMavenResourcesFiltering - Copying 1 resource
2023-09-13 13:35:13,481 [Worker-194: Building] INFO  o.a.m.s.f.DefaultMavenResourcesFiltering - Copying 0 resource
2023-09-13 13:35:13,485 [Worker-194: Building] INFO  o.a.m.s.f.DefaultMavenResourcesFiltering - skip non existing resourceDirectory C:\Users\Haricharan.S\Desktop\casestudy_new\certificate\src\test\resources
2023-09-13 13:36:15,708 [Worker-204: Building] INFO  o.a.m.s.f.DefaultMavenResourcesFiltering - Copying 1 resource
2023-09-13 13:36:15,722 [Worker-204: Building] INFO  o.a.m.s.f.DefaultMavenResourcesFiltering - Copying 0 resource
2023-09-13 13:36:15,727 [Worker-204: Building] INFO  o.a.m.s.f.DefaultMavenResourcesFiltering - skip non existing resourceDirectory C:\Users\Haricharan.S\Desktop\casestudy_new\certificate\src\test\resources
2023-09-13 13:37:33,292 [Worker-205: Building] INFO  o.a.m.s.f.DefaultMavenResourcesFiltering - Copying 1 resource
2023-09-13 13:37:33,332 [Worker-205: Building] INFO  o.a.m.s.f.DefaultMavenResourcesFiltering - Copying 0 resource
2023-09-13 13:37:33,336 [Worker-205: Building] INFO  o.a.m.s.f.DefaultMavenResourcesFiltering - skip non existing resourceDirectory C:\Users\Haricharan.S\Desktop\casestudy_new\certificate\src\test\resources
2023-09-13 13:37:42,740 [Worker-206: Building] INFO  o.a.m.s.f.DefaultMavenResourcesFiltering - Copying 1 resource
2023-09-13 13:37:42,747 [Worker-206: Building] INFO  o.a.m.s.f.DefaultMavenResourcesFiltering - Copying 0 resource
2023-09-13 13:37:42,750 [Worker-206: Building] INFO  o.a.m.s.f.DefaultMavenResourcesFiltering - skip non existing resourceDirectory C:\Users\Haricharan.S\Desktop\casestudy_new\certificate\src\test\resources
2023-09-13 13:38:04,095 [Worker-194: Building] INFO  o.a.m.s.f.DefaultMavenResourcesFiltering - Copying 1 resource
2023-09-13 13:38:04,105 [Worker-194: Building] INFO  o.a.m.s.f.DefaultMavenResourcesFiltering - Copying 0 resource
2023-09-13 13:38:04,112 [Worker-194: Building] INFO  o.a.m.s.f.DefaultMavenResourcesFiltering - skip non existing resourceDirectory C:\Users\Haricharan.S\Desktop\casestudy_new\certificate\src\test\resources
2023-09-13 13:38:12,232 [Worker-206: Building] INFO  o.a.m.s.f.DefaultMavenResourcesFiltering - Copying 1 resource
2023-09-13 13:38:12,254 [Worker-206: Building] INFO  o.a.m.s.f.DefaultMavenResourcesFiltering - Copying 0 resource
2023-09-13 13:38:12,258 [Worker-206: Building] INFO  o.a.m.s.f.DefaultMavenResourcesFiltering - skip non existing resourceDirectory C:\Users\Haricharan.S\Desktop\casestudy_new\certificate\src\test\resources
2023-09-13 13:38:55,158 [Worker-202: Building] INFO  o.a.m.s.f.DefaultMavenResourcesFiltering - Copying 1 resource
2023-09-13 13:38:55,168 [Worker-202: Building] INFO  o.a.m.s.f.DefaultMavenResourcesFiltering - Copying 0 resource
2023-09-13 13:38:55,171 [Worker-202: Building] INFO  o.a.m.s.f.DefaultMavenResourcesFiltering - skip non existing resourceDirectory C:\Users\Haricharan.S\Desktop\casestudy_new\certificate\src\test\resources
2023-09-13 13:39:00,380 [Worker-206: Building] INFO  o.a.m.s.f.DefaultMavenResourcesFiltering - Copying 1 resource
2023-09-13 13:39:00,387 [Worker-206: Building] INFO  o.a.m.s.f.DefaultMavenResourcesFiltering - Copying 0 resource
2023-09-13 13:39:00,394 [Worker-206: Building] INFO  o.a.m.s.f.DefaultMavenResourcesFiltering - skip non existing resourceDirectory C:\Users\Haricharan.S\Desktop\casestudy_new\certificate\src\test\resources
2023-09-13 13:39:07,667 [Worker-206: Building] INFO  o.a.m.s.f.DefaultMavenResourcesFiltering - Copying 1 resource
2023-09-13 13:39:07,678 [Worker-206: Building] INFO  o.a.m.s.f.DefaultMavenResourcesFiltering - Copying 0 resource
2023-09-13 13:39:07,681 [Worker-206: Building] INFO  o.a.m.s.f.DefaultMavenResourcesFiltering - skip non existing resourceDirectory C:\Users\Haricharan.S\Desktop\casestudy_new\certificate\src\test\resources
2023-09-13 13:39:45,994 [Worker-201: Building] INFO  o.a.m.s.f.DefaultMavenResourcesFiltering - Copying 1 resource
2023-09-13 13:39:46,002 [Worker-201: Building] INFO  o.a.m.s.f.DefaultMavenResourcesFiltering - Copying 0 resource
2023-09-13 13:39:46,006 [Worker-201: Building] INFO  o.a.m.s.f.DefaultMavenResourcesFiltering - skip non existing resourceDirectory C:\Users\Haricharan.S\Desktop\casestudy_new\certificate\src\test\resources
2023-09-13 13:39:57,016 [Worker-202: Building] INFO  o.a.m.s.f.DefaultMavenResourcesFiltering - Copying 1 resource
2023-09-13 13:39:57,021 [Worker-202: Building] INFO  o.a.m.s.f.DefaultMavenResourcesFiltering - Copying 0 resource
2023-09-13 13:39:57,026 [Worker-202: Building] INFO  o.a.m.s.f.DefaultMavenResourcesFiltering - skip non existing resourceDirectory C:\Users\Haricharan.S\Desktop\casestudy_new\certificate\src\test\resources
2023-09-13 13:40:07,978 [Worker-203: Building] INFO  o.a.m.s.f.DefaultMavenResourcesFiltering - Copying 1 resource
2023-09-13 13:40:07,984 [Worker-203: Building] INFO  o.a.m.s.f.DefaultMavenResourcesFiltering - Copying 0 resource
2023-09-13 13:40:07,987 [Worker-203: Building] INFO  o.a.m.s.f.DefaultMavenResourcesFiltering - skip non existing resourceDirectory C:\Users\Haricharan.S\Desktop\casestudy_new\certificate\src\test\resources
2023-09-13 13:41:39,751 [Worker-201: Building] INFO  o.a.m.s.f.DefaultMavenResourcesFiltering - Copying 1 resource
2023-09-13 13:41:39,789 [Worker-201: Building] INFO  o.a.m.s.f.DefaultMavenResourcesFiltering - Copying 0 resource
2023-09-13 13:41:39,792 [Worker-201: Building] INFO  o.a.m.s.f.DefaultMavenResourcesFiltering - skip non existing resourceDirectory C:\Users\Haricharan.S\Desktop\casestudy_new\certificate\src\test\resources
2023-09-13 13:42:03,876 [Worker-201: Building] INFO  o.a.m.s.f.DefaultMavenResourcesFiltering - Copying 1 resource
2023-09-13 13:42:03,883 [Worker-201: Building] INFO  o.a.m.s.f.DefaultMavenResourcesFiltering - Copying 0 resource
2023-09-13 13:42:03,886 [Worker-201: Building] INFO  o.a.m.s.f.DefaultMavenResourcesFiltering - skip non existing resourceDirectory C:\Users\Haricharan.S\Desktop\casestudy_new\certificate\src\test\resources
